2021-02-07 11:27:06.963 [main] DEBUG c.imooc.o2o.dao.split.DynamicDataSourceInterceptor -设置方法[com.imooc.o2o.dao.ShopDao.queryShopList] use[slave] Strategy,SqlCommandType[SELECT]...
2021-02-07 11:27:06.972 [main] DEBUG com.imooc.o2o.dao.split.DynamicDataSourceHolder -所使用的数据源为：slave
2021-02-07 11:27:07.021 [main] DEBUG com.imooc.o2o.dao.ShopDao.queryShopList -==>  Preparing: select s.shop_id, s.shop_name, s.shop_desc, s.shop_addr, s.phone, s.shop_img, s.priority, s.enable_status, s.create_time, s.last_edit_time, s.advice, a.area_id, a.area_name, sc.shop_category_id, sc.shop_category_name FROM tb_shop s, tb_shop_category sc, tb_area a WHERE s.shop_name like concat('%', ?, '%') and s.owner_id = ? and s.shop_category_id = sc.shop_category_id and s.area_id = a.area_id ORDER BY s.priority DESC LIMIT ?, ?;
2021-02-07 11:27:07.123 [main] DEBUG com.imooc.o2o.dao.ShopDao.queryShopList -==> Parameters: 测试(String), 1(Long), 0(Integer), 5(Integer)
2021-02-07 11:27:07.186 [main] DEBUG com.imooc.o2o.dao.ShopDao.queryShopList -<==      Total: 0
2021-02-07 14:40:43.994 [285248923@qtp-88950472-3] DEBUG c.imooc.o2o.dao.split.DynamicDataSourceInterceptor -设置方法[com.imooc.o2o.dao.ShopDao.queryShopList] use[slave] Strategy,SqlCommandType[SELECT]...
2021-02-07 14:40:43.996 [285248923@qtp-88950472-3] DEBUG com.imooc.o2o.dao.split.DynamicDataSourceHolder -所使用的数据源为：slave
2021-02-07 14:40:44.013 [285248923@qtp-88950472-3] DEBUG com.imooc.o2o.dao.ShopDao.queryShopList -==>  Preparing: select s.shop_id, s.shop_name, s.shop_desc, s.shop_addr, s.phone, s.shop_img, s.priority, s.enable_status, s.create_time, s.last_edit_time, s.advice, a.area_id, a.area_name, sc.shop_category_id, sc.shop_category_name FROM tb_shop s, tb_shop_category sc, tb_area a WHERE s.owner_id = ? and s.shop_category_id = sc.shop_category_id and s.area_id = a.area_id ORDER BY s.priority DESC LIMIT ?, ?;
2021-02-07 14:40:44.472 [285248923@qtp-88950472-3] DEBUG com.imooc.o2o.dao.ShopDao.queryShopList -==> Parameters: 1(Long), 0(Integer), 100(Integer)
2021-02-07 14:40:44.536 [285248923@qtp-88950472-3] DEBUG com.imooc.o2o.dao.ShopDao.queryShopList -<==      Total: 6
2021-02-07 14:40:44.543 [285248923@qtp-88950472-3] DEBUG c.imooc.o2o.dao.split.DynamicDataSourceInterceptor -设置方法[com.imooc.o2o.dao.ShopDao.queryShopCount] use[slave] Strategy,SqlCommandType[SELECT]...
2021-02-07 14:40:44.543 [285248923@qtp-88950472-3] DEBUG com.imooc.o2o.dao.split.DynamicDataSourceHolder -所使用的数据源为：slave
2021-02-07 14:40:44.544 [285248923@qtp-88950472-3] DEBUG com.imooc.o2o.dao.ShopDao.queryShopCount -==>  Preparing: SELECT COUNT(1) FROM tb_shop s, tb_shop_category sc, tb_area a WHERE s.shop_category_id = sc.shop_category_id and s.area_id = a.area_id and s.owner_id = ? ORDER BY s.priority DESC;
2021-02-07 14:40:44.545 [285248923@qtp-88950472-3] DEBUG com.imooc.o2o.dao.ShopDao.queryShopCount -==> Parameters: 1(Long)
2021-02-07 14:40:44.579 [285248923@qtp-88950472-3] DEBUG com.imooc.o2o.dao.ShopDao.queryShopCount -<==      Total: 1
2021-02-07 14:40:50.742 [285248923@qtp-88950472-3] DEBUG c.imooc.o2o.dao.split.DynamicDataSourceInterceptor -设置方法[com.imooc.o2o.dao.ProductDao.queryProductList] use[slave] Strategy,SqlCommandType[SELECT]...
2021-02-07 14:40:50.742 [285248923@qtp-88950472-3] DEBUG com.imooc.o2o.dao.split.DynamicDataSourceHolder -所使用的数据源为：slave
2021-02-07 14:40:50.743 [285248923@qtp-88950472-3] DEBUG com.imooc.o2o.dao.ProductDao.queryProductList -==>  Preparing: select product_id,product_name,product_desc,img_addr,normal_price,promotion_price,priority as product_priority,create_time as product_create_time, last_edit_time as product_last_edit_time,enable_status as product_enable_status from tb_product WHERE shop_id = ? order by priority desc limit ?,?
2021-02-07 14:40:50.744 [285248923@qtp-88950472-3] DEBUG com.imooc.o2o.dao.ProductDao.queryProductList -==> Parameters: 97(Long), 0(Integer), 999(Integer)
2021-02-07 14:40:50.780 [285248923@qtp-88950472-3] DEBUG com.imooc.o2o.dao.ProductDao.queryProductList -<==      Total: 0
2021-02-07 14:40:50.781 [285248923@qtp-88950472-3] DEBUG c.imooc.o2o.dao.split.DynamicDataSourceInterceptor -设置方法[com.imooc.o2o.dao.ProductDao.queryProductCount] use[slave] Strategy,SqlCommandType[SELECT]...
2021-02-07 14:40:50.782 [285248923@qtp-88950472-3] DEBUG com.imooc.o2o.dao.split.DynamicDataSourceHolder -所使用的数据源为：slave
2021-02-07 14:40:50.782 [285248923@qtp-88950472-3] DEBUG com.imooc.o2o.dao.ProductDao.queryProductCount -==>  Preparing: select count(1) from tb_product WHERE shop_id = ?
2021-02-07 14:40:50.782 [285248923@qtp-88950472-3] DEBUG com.imooc.o2o.dao.ProductDao.queryProductCount -==> Parameters: 97(Long)
2021-02-07 14:40:50.821 [285248923@qtp-88950472-3] DEBUG com.imooc.o2o.dao.ProductDao.queryProductCount -<==      Total: 1
2021-02-07 14:40:55.903 [285248923@qtp-88950472-3] DEBUG c.imooc.o2o.dao.split.DynamicDataSourceInterceptor -设置方法[com.imooc.o2o.dao.ProductDao.queryProductList] use[slave] Strategy,SqlCommandType[SELECT]...
2021-02-07 14:40:55.903 [285248923@qtp-88950472-3] DEBUG com.imooc.o2o.dao.split.DynamicDataSourceHolder -所使用的数据源为：slave
2021-02-07 14:40:55.904 [285248923@qtp-88950472-3] DEBUG com.imooc.o2o.dao.ProductDao.queryProductList -==>  Preparing: select product_id,product_name,product_desc,img_addr,normal_price,promotion_price,priority as product_priority,create_time as product_create_time, last_edit_time as product_last_edit_time,enable_status as product_enable_status from tb_product WHERE shop_id = ? order by priority desc limit ?,?
2021-02-07 14:40:55.904 [285248923@qtp-88950472-3] DEBUG com.imooc.o2o.dao.ProductDao.queryProductList -==> Parameters: 83(Long), 0(Integer), 999(Integer)
2021-02-07 14:40:55.946 [285248923@qtp-88950472-3] DEBUG com.imooc.o2o.dao.ProductDao.queryProductList -<==      Total: 7
2021-02-07 14:40:55.947 [285248923@qtp-88950472-3] DEBUG c.imooc.o2o.dao.split.DynamicDataSourceInterceptor -设置方法[com.imooc.o2o.dao.ProductDao.queryProductCount] use[slave] Strategy,SqlCommandType[SELECT]...
2021-02-07 14:40:55.947 [285248923@qtp-88950472-3] DEBUG com.imooc.o2o.dao.split.DynamicDataSourceHolder -所使用的数据源为：slave
2021-02-07 14:40:55.947 [285248923@qtp-88950472-3] DEBUG com.imooc.o2o.dao.ProductDao.queryProductCount -==>  Preparing: select count(1) from tb_product WHERE shop_id = ?
2021-02-07 14:40:55.947 [285248923@qtp-88950472-3] DEBUG com.imooc.o2o.dao.ProductDao.queryProductCount -==> Parameters: 83(Long)
2021-02-07 14:40:55.980 [285248923@qtp-88950472-3] DEBUG com.imooc.o2o.dao.ProductDao.queryProductCount -<==      Total: 1
2021-02-07 14:40:59.238 [285248923@qtp-88950472-3] DEBUG c.imooc.o2o.dao.split.DynamicDataSourceInterceptor -设置方法[com.imooc.o2o.dao.ProductCategoryDao.queryProductCategoryList] use[slave] Strategy,SqlCommandType[SELECT]...
2021-02-07 14:40:59.238 [285248923@qtp-88950472-3] DEBUG com.imooc.o2o.dao.split.DynamicDataSourceHolder -所使用的数据源为：slave
2021-02-07 14:40:59.238 [285248923@qtp-88950472-3] DEBUG c.i.o.d.P.queryProductCategoryList -==>  Preparing: select product_category_id, product_category_name, priority, create_time, shop_id from tb_product_category WHERE shop_id = ? order by priority desc limit ?, ?;
2021-02-07 14:40:59.239 [285248923@qtp-88950472-3] DEBUG c.i.o.d.P.queryProductCategoryList -==> Parameters: 83(Long), 0(Integer), 100(Integer)
2021-02-07 14:40:59.283 [285248923@qtp-88950472-3] DEBUG c.i.o.d.P.queryProductCategoryList -<==      Total: 6
2021-02-07 14:40:59.284 [285248923@qtp-88950472-3] DEBUG c.imooc.o2o.dao.split.DynamicDataSourceInterceptor -设置方法[com.imooc.o2o.dao.ProductCategoryDao.queryProductCategoryCount] use[slave] Strategy,SqlCommandType[SELECT]...
2021-02-07 14:40:59.284 [285248923@qtp-88950472-3] DEBUG com.imooc.o2o.dao.split.DynamicDataSourceHolder -所使用的数据源为：slave
2021-02-07 14:40:59.284 [285248923@qtp-88950472-3] DEBUG c.i.o.d.P.queryProductCategoryCount -==>  Preparing: select count(1) from tb_product_category WHERE shop_id = ? order by priority desc
2021-02-07 14:40:59.284 [285248923@qtp-88950472-3] DEBUG c.i.o.d.P.queryProductCategoryCount -==> Parameters: 83(Long)
2021-02-07 14:40:59.320 [285248923@qtp-88950472-3] DEBUG c.i.o.d.P.queryProductCategoryCount -<==      Total: 1
2021-02-07 14:42:17.763 [1439488684@qtp-88950472-2] DEBUG c.imooc.o2o.dao.split.DynamicDataSourceInterceptor -设置方法[com.imooc.o2o.dao.ProductCategoryDao.queryProductCategoryList] use[slave] Strategy,SqlCommandType[SELECT]...
2021-02-07 14:42:17.763 [1439488684@qtp-88950472-2] DEBUG com.imooc.o2o.dao.split.DynamicDataSourceHolder -所使用的数据源为：slave
2021-02-07 14:42:17.764 [1439488684@qtp-88950472-2] DEBUG c.i.o.d.P.queryProductCategoryList -==>  Preparing: select product_category_id, product_category_name, priority, create_time, shop_id from tb_product_category WHERE shop_id = ? order by priority desc limit ?, ?;
2021-02-07 14:42:17.764 [1439488684@qtp-88950472-2] DEBUG c.i.o.d.P.queryProductCategoryList -==> Parameters: 83(Long), 0(Integer), 100(Integer)
2021-02-07 14:42:17.799 [1439488684@qtp-88950472-2] DEBUG c.i.o.d.P.queryProductCategoryList -<==      Total: 6
2021-02-07 14:42:17.800 [1439488684@qtp-88950472-2] DEBUG c.imooc.o2o.dao.split.DynamicDataSourceInterceptor -设置方法[com.imooc.o2o.dao.ProductCategoryDao.queryProductCategoryCount] use[slave] Strategy,SqlCommandType[SELECT]...
2021-02-07 14:42:17.800 [1439488684@qtp-88950472-2] DEBUG com.imooc.o2o.dao.split.DynamicDataSourceHolder -所使用的数据源为：slave
2021-02-07 14:42:17.800 [1439488684@qtp-88950472-2] DEBUG c.i.o.d.P.queryProductCategoryCount -==>  Preparing: select count(1) from tb_product_category WHERE shop_id = ? order by priority desc
2021-02-07 14:42:17.800 [1439488684@qtp-88950472-2] DEBUG c.i.o.d.P.queryProductCategoryCount -==> Parameters: 83(Long)
2021-02-07 14:42:17.838 [1439488684@qtp-88950472-2] DEBUG c.i.o.d.P.queryProductCategoryCount -<==      Total: 1
2021-02-07 14:42:19.861 [285248923@qtp-88950472-3] DEBUG c.imooc.o2o.dao.split.DynamicDataSourceInterceptor -设置方法[com.imooc.o2o.dao.ShopDao.queryByShopId] use[slave] Strategy,SqlCommandType[SELECT]...
2021-02-07 14:42:19.861 [285248923@qtp-88950472-3] DEBUG com.imooc.o2o.dao.split.DynamicDataSourceHolder -所使用的数据源为：slave
2021-02-07 14:42:19.862 [285248923@qtp-88950472-3] DEBUG com.imooc.o2o.dao.ShopDao.queryByShopId -==>  Preparing: SELECT s.shop_id, s.shop_name, s.shop_desc, s.shop_addr, s.phone, s.shop_img, s.priority, s.enable_status, s.create_time, s.last_edit_time, s.advice, a.area_id, a.area_name, sc.shop_category_id, sc.shop_category_name FROM tb_shop s, tb_shop_category sc, tb_area a WHERE s.area_id = a.area_id AND s.shop_category_id = sc.shop_category_id AND s.shop_id = ?
2021-02-07 14:42:19.862 [285248923@qtp-88950472-3] DEBUG com.imooc.o2o.dao.ShopDao.queryByShopId -==> Parameters: 83(Long)
2021-02-07 14:42:19.900 [285248923@qtp-88950472-3] DEBUG com.imooc.o2o.dao.ShopDao.queryByShopId -<==      Total: 1
2021-02-07 14:42:19.901 [285248923@qtp-88950472-3] DEBUG c.imooc.o2o.dao.split.DynamicDataSourceInterceptor -设置方法[com.imooc.o2o.dao.AreaDao.queryArea] use[slave] Strategy,SqlCommandType[SELECT]...
2021-02-07 14:42:19.902 [285248923@qtp-88950472-3] DEBUG com.imooc.o2o.dao.split.DynamicDataSourceHolder -所使用的数据源为：slave
2021-02-07 14:42:19.902 [285248923@qtp-88950472-3] DEBUG com.imooc.o2o.dao.AreaDao.queryArea -==>  Preparing: select area_id,area_name,priority,create_time,last_edit_time from tb_area order by priority desc;
2021-02-07 14:42:19.902 [285248923@qtp-88950472-3] DEBUG com.imooc.o2o.dao.AreaDao.queryArea -==> Parameters: 
2021-02-07 14:42:19.934 [285248923@qtp-88950472-3] DEBUG com.imooc.o2o.dao.AreaDao.queryArea -<==      Total: 3
2021-02-07 14:42:39.426 [1439488684@qtp-88950472-2] DEBUG c.imooc.o2o.dao.split.DynamicDataSourceInterceptor -设置方法[com.imooc.o2o.dao.ShopDao.queryShopList] use[slave] Strategy,SqlCommandType[SELECT]...
2021-02-07 14:42:39.426 [1439488684@qtp-88950472-2] DEBUG com.imooc.o2o.dao.split.DynamicDataSourceHolder -所使用的数据源为：slave
2021-02-07 14:42:39.426 [285248923@qtp-88950472-3] DEBUG c.imooc.o2o.dao.split.DynamicDataSourceInterceptor -设置方法[com.imooc.o2o.dao.ShopCategoryDao.queryShopCategory] use[slave] Strategy,SqlCommandType[SELECT]...
2021-02-07 14:42:39.426 [285248923@qtp-88950472-3] DEBUG com.imooc.o2o.dao.split.DynamicDataSourceHolder -所使用的数据源为：slave
2021-02-07 14:42:39.426 [285248923@qtp-88950472-3] DEBUG c.imooc.o2o.dao.ShopCategoryDao.queryShopCategory -==>  Preparing: SELECT shop_category_id,shop_category_name,shop_category_desc,shop_category_img, priority,create_time,last_edit_time,parent_id FROM tb_shop_category WHERE parent_id is null ORDER BY priority DESC;
2021-02-07 14:42:39.426 [1439488684@qtp-88950472-2] DEBUG com.imooc.o2o.dao.ShopDao.queryShopList -==>  Preparing: select s.shop_id, s.shop_name, s.shop_desc, s.shop_addr, s.phone, s.shop_img, s.priority, s.enable_status, s.create_time, s.last_edit_time, s.advice, a.area_id, a.area_name, sc.shop_category_id, sc.shop_category_name FROM tb_shop s, tb_shop_category sc, tb_area a WHERE s.enable_status = ? and s.shop_category_id = sc.shop_category_id and s.area_id = a.area_id ORDER BY s.priority DESC LIMIT ?, ?;
2021-02-07 14:42:39.427 [285248923@qtp-88950472-3] DEBUG c.imooc.o2o.dao.ShopCategoryDao.queryShopCategory -==> Parameters: 
2021-02-07 14:42:39.427 [1439488684@qtp-88950472-2] DEBUG com.imooc.o2o.dao.ShopDao.queryShopList -==> Parameters: 1(Integer), 0(Integer), 3(Integer)
2021-02-07 14:42:39.471 [285248923@qtp-88950472-3] DEBUG c.imooc.o2o.dao.ShopCategoryDao.queryShopCategory -<==      Total: 6
2021-02-07 14:42:39.472 [285248923@qtp-88950472-3] DEBUG c.imooc.o2o.dao.split.DynamicDataSourceInterceptor -设置方法[com.imooc.o2o.dao.AreaDao.queryArea] use[slave] Strategy,SqlCommandType[SELECT]...
2021-02-07 14:42:39.472 [285248923@qtp-88950472-3] DEBUG com.imooc.o2o.dao.split.DynamicDataSourceHolder -所使用的数据源为：slave
2021-02-07 14:42:39.472 [285248923@qtp-88950472-3] DEBUG com.imooc.o2o.dao.AreaDao.queryArea -==>  Preparing: select area_id,area_name,priority,create_time,last_edit_time from tb_area order by priority desc;
2021-02-07 14:42:39.472 [285248923@qtp-88950472-3] DEBUG com.imooc.o2o.dao.AreaDao.queryArea -==> Parameters: 
2021-02-07 14:42:39.473 [1439488684@qtp-88950472-2] DEBUG com.imooc.o2o.dao.ShopDao.queryShopList -<==      Total: 3
2021-02-07 14:42:39.474 [1439488684@qtp-88950472-2] DEBUG c.imooc.o2o.dao.split.DynamicDataSourceInterceptor -设置方法[com.imooc.o2o.dao.ShopDao.queryShopCount] use[slave] Strategy,SqlCommandType[SELECT]...
2021-02-07 14:42:39.475 [1439488684@qtp-88950472-2] DEBUG com.imooc.o2o.dao.split.DynamicDataSourceHolder -所使用的数据源为：slave
2021-02-07 14:42:39.476 [1439488684@qtp-88950472-2] DEBUG com.imooc.o2o.dao.ShopDao.queryShopCount -==>  Preparing: SELECT COUNT(1) FROM tb_shop s, tb_shop_category sc, tb_area a WHERE s.shop_category_id = sc.shop_category_id and s.area_id = a.area_id and s.enable_status = ? ORDER BY s.priority DESC;
2021-02-07 14:42:39.476 [1439488684@qtp-88950472-2] DEBUG com.imooc.o2o.dao.ShopDao.queryShopCount -==> Parameters: 1(Integer)
2021-02-07 14:42:39.509 [285248923@qtp-88950472-3] DEBUG com.imooc.o2o.dao.AreaDao.queryArea -<==      Total: 3
2021-02-07 14:42:39.511 [1439488684@qtp-88950472-2] DEBUG com.imooc.o2o.dao.ShopDao.queryShopCount -<==      Total: 1
2021-02-07 14:42:39.513 [1439488684@qtp-88950472-2] DEBUG c.imooc.o2o.dao.split.DynamicDataSourceInterceptor -设置方法[com.imooc.o2o.dao.ShopDao.queryShopCount] use[slave] Strategy,SqlCommandType[SELECT]...
2021-02-07 14:42:39.513 [1439488684@qtp-88950472-2] DEBUG com.imooc.o2o.dao.split.DynamicDataSourceHolder -所使用的数据源为：slave
2021-02-07 14:42:39.514 [1439488684@qtp-88950472-2] DEBUG com.imooc.o2o.dao.ShopDao.queryShopCount -==>  Preparing: SELECT COUNT(1) FROM tb_shop s, tb_shop_category sc, tb_area a WHERE s.shop_category_id = sc.shop_category_id and s.area_id = a.area_id and s.enable_status = ? ORDER BY s.priority DESC;
2021-02-07 14:42:39.514 [1439488684@qtp-88950472-2] DEBUG com.imooc.o2o.dao.ShopDao.queryShopCount -==> Parameters: 1(Integer)
2021-02-07 14:42:39.547 [1439488684@qtp-88950472-2] DEBUG com.imooc.o2o.dao.ShopDao.queryShopCount -<==      Total: 1
2021-02-07 14:42:40.512 [2025967449@qtp-88950472-5] DEBUG c.imooc.o2o.dao.split.DynamicDataSourceInterceptor -设置方法[com.imooc.o2o.dao.ShopDao.queryShopList] use[slave] Strategy,SqlCommandType[SELECT]...
2021-02-07 14:42:40.512 [2025967449@qtp-88950472-5] DEBUG com.imooc.o2o.dao.split.DynamicDataSourceHolder -所使用的数据源为：slave
2021-02-07 14:42:40.512 [2025967449@qtp-88950472-5] DEBUG com.imooc.o2o.dao.ShopDao.queryShopList -==>  Preparing: select s.shop_id, s.shop_name, s.shop_desc, s.shop_addr, s.phone, s.shop_img, s.priority, s.enable_status, s.create_time, s.last_edit_time, s.advice, a.area_id, a.area_name, sc.shop_category_id, sc.shop_category_name FROM tb_shop s, tb_shop_category sc, tb_area a WHERE s.enable_status = ? and s.shop_category_id = sc.shop_category_id and s.area_id = a.area_id ORDER BY s.priority DESC LIMIT ?, ?;
2021-02-07 14:42:40.513 [2025967449@qtp-88950472-5] DEBUG com.imooc.o2o.dao.ShopDao.queryShopList -==> Parameters: 1(Integer), 3(Integer), 3(Integer)
2021-02-07 14:42:40.552 [2025967449@qtp-88950472-5] DEBUG com.imooc.o2o.dao.ShopDao.queryShopList -<==      Total: 3
2021-02-07 14:42:40.553 [2025967449@qtp-88950472-5] DEBUG c.imooc.o2o.dao.split.DynamicDataSourceInterceptor -设置方法[com.imooc.o2o.dao.ShopDao.queryShopCount] use[slave] Strategy,SqlCommandType[SELECT]...
2021-02-07 14:42:40.553 [2025967449@qtp-88950472-5] DEBUG com.imooc.o2o.dao.split.DynamicDataSourceHolder -所使用的数据源为：slave
2021-02-07 14:42:40.553 [2025967449@qtp-88950472-5] DEBUG com.imooc.o2o.dao.ShopDao.queryShopCount -==>  Preparing: SELECT COUNT(1) FROM tb_shop s, tb_shop_category sc, tb_area a WHERE s.shop_category_id = sc.shop_category_id and s.area_id = a.area_id and s.enable_status = ? ORDER BY s.priority DESC;
2021-02-07 14:42:40.553 [2025967449@qtp-88950472-5] DEBUG com.imooc.o2o.dao.ShopDao.queryShopCount -==> Parameters: 1(Integer)
2021-02-07 14:42:40.593 [2025967449@qtp-88950472-5] DEBUG com.imooc.o2o.dao.ShopDao.queryShopCount -<==      Total: 1
2021-02-07 14:42:40.594 [2025967449@qtp-88950472-5] DEBUG c.imooc.o2o.dao.split.DynamicDataSourceInterceptor -设置方法[com.imooc.o2o.dao.ShopDao.queryShopCount] use[slave] Strategy,SqlCommandType[SELECT]...
2021-02-07 14:42:40.594 [2025967449@qtp-88950472-5] DEBUG com.imooc.o2o.dao.split.DynamicDataSourceHolder -所使用的数据源为：slave
2021-02-07 14:42:40.595 [2025967449@qtp-88950472-5] DEBUG com.imooc.o2o.dao.ShopDao.queryShopCount -==>  Preparing: SELECT COUNT(1) FROM tb_shop s, tb_shop_category sc, tb_area a WHERE s.shop_category_id = sc.shop_category_id and s.area_id = a.area_id and s.enable_status = ? ORDER BY s.priority DESC;
2021-02-07 14:42:40.595 [2025967449@qtp-88950472-5] DEBUG com.imooc.o2o.dao.ShopDao.queryShopCount -==> Parameters: 1(Integer)
2021-02-07 14:42:40.628 [2025967449@qtp-88950472-5] DEBUG com.imooc.o2o.dao.ShopDao.queryShopCount -<==      Total: 1
2021-02-07 14:42:53.110 [285248923@qtp-88950472-3] DEBUG c.imooc.o2o.dao.split.DynamicDataSourceInterceptor -设置方法[com.imooc.o2o.dao.ShopCategoryDao.queryShopCategory] use[slave] Strategy,SqlCommandType[SELECT]...
2021-02-07 14:42:53.110 [285248923@qtp-88950472-3] DEBUG com.imooc.o2o.dao.split.DynamicDataSourceHolder -所使用的数据源为：slave
2021-02-07 14:42:53.110 [1439488684@qtp-88950472-2] DEBUG c.imooc.o2o.dao.split.DynamicDataSourceInterceptor -设置方法[com.imooc.o2o.dao.ShopDao.queryShopList] use[slave] Strategy,SqlCommandType[SELECT]...
2021-02-07 14:42:53.110 [1439488684@qtp-88950472-2] DEBUG com.imooc.o2o.dao.split.DynamicDataSourceHolder -所使用的数据源为：slave
2021-02-07 14:42:53.110 [285248923@qtp-88950472-3] DEBUG c.imooc.o2o.dao.ShopCategoryDao.queryShopCategory -==>  Preparing: SELECT shop_category_id,shop_category_name,shop_category_desc,shop_category_img, priority,create_time,last_edit_time,parent_id FROM tb_shop_category WHERE parent_id is null ORDER BY priority DESC;
2021-02-07 14:42:53.110 [285248923@qtp-88950472-3] DEBUG c.imooc.o2o.dao.ShopCategoryDao.queryShopCategory -==> Parameters: 
2021-02-07 14:42:53.111 [1439488684@qtp-88950472-2] DEBUG com.imooc.o2o.dao.ShopDao.queryShopList -==>  Preparing: select s.shop_id, s.shop_name, s.shop_desc, s.shop_addr, s.phone, s.shop_img, s.priority, s.enable_status, s.create_time, s.last_edit_time, s.advice, a.area_id, a.area_name, sc.shop_category_id, sc.shop_category_name FROM tb_shop s, tb_shop_category sc, tb_area a WHERE s.enable_status = ? and s.shop_category_id = sc.shop_category_id and s.area_id = a.area_id ORDER BY s.priority DESC LIMIT ?, ?;
2021-02-07 14:42:53.111 [1439488684@qtp-88950472-2] DEBUG com.imooc.o2o.dao.ShopDao.queryShopList -==> Parameters: 1(Integer), 0(Integer), 3(Integer)
2021-02-07 14:42:53.149 [285248923@qtp-88950472-3] DEBUG c.imooc.o2o.dao.ShopCategoryDao.queryShopCategory -<==      Total: 6
2021-02-07 14:42:53.149 [285248923@qtp-88950472-3] DEBUG c.imooc.o2o.dao.split.DynamicDataSourceInterceptor -设置方法[com.imooc.o2o.dao.AreaDao.queryArea] use[slave] Strategy,SqlCommandType[SELECT]...
2021-02-07 14:42:53.149 [285248923@qtp-88950472-3] DEBUG com.imooc.o2o.dao.split.DynamicDataSourceHolder -所使用的数据源为：slave
2021-02-07 14:42:53.150 [285248923@qtp-88950472-3] DEBUG com.imooc.o2o.dao.AreaDao.queryArea -==>  Preparing: select area_id,area_name,priority,create_time,last_edit_time from tb_area order by priority desc;
2021-02-07 14:42:53.150 [285248923@qtp-88950472-3] DEBUG com.imooc.o2o.dao.AreaDao.queryArea -==> Parameters: 
2021-02-07 14:42:53.152 [1439488684@qtp-88950472-2] DEBUG com.imooc.o2o.dao.ShopDao.queryShopList -<==      Total: 3
2021-02-07 14:42:53.152 [1439488684@qtp-88950472-2] DEBUG c.imooc.o2o.dao.split.DynamicDataSourceInterceptor -设置方法[com.imooc.o2o.dao.ShopDao.queryShopCount] use[slave] Strategy,SqlCommandType[SELECT]...
2021-02-07 14:42:53.152 [1439488684@qtp-88950472-2] DEBUG com.imooc.o2o.dao.split.DynamicDataSourceHolder -所使用的数据源为：slave
2021-02-07 14:42:53.153 [1439488684@qtp-88950472-2] DEBUG com.imooc.o2o.dao.ShopDao.queryShopCount -==>  Preparing: SELECT COUNT(1) FROM tb_shop s, tb_shop_category sc, tb_area a WHERE s.shop_category_id = sc.shop_category_id and s.area_id = a.area_id and s.enable_status = ? ORDER BY s.priority DESC;
2021-02-07 14:42:53.154 [1439488684@qtp-88950472-2] DEBUG com.imooc.o2o.dao.ShopDao.queryShopCount -==> Parameters: 1(Integer)
2021-02-07 14:42:53.185 [1439488684@qtp-88950472-2] DEBUG com.imooc.o2o.dao.ShopDao.queryShopCount -<==      Total: 1
2021-02-07 14:42:53.185 [285248923@qtp-88950472-3] DEBUG com.imooc.o2o.dao.AreaDao.queryArea -<==      Total: 3
2021-02-07 14:42:53.186 [1439488684@qtp-88950472-2] DEBUG c.imooc.o2o.dao.split.DynamicDataSourceInterceptor -设置方法[com.imooc.o2o.dao.ShopDao.queryShopCount] use[slave] Strategy,SqlCommandType[SELECT]...
2021-02-07 14:42:53.186 [1439488684@qtp-88950472-2] DEBUG com.imooc.o2o.dao.split.DynamicDataSourceHolder -所使用的数据源为：slave
2021-02-07 14:42:53.187 [1439488684@qtp-88950472-2] DEBUG com.imooc.o2o.dao.ShopDao.queryShopCount -==>  Preparing: SELECT COUNT(1) FROM tb_shop s, tb_shop_category sc, tb_area a WHERE s.shop_category_id = sc.shop_category_id and s.area_id = a.area_id and s.enable_status = ? ORDER BY s.priority DESC;
2021-02-07 14:42:53.187 [1439488684@qtp-88950472-2] DEBUG com.imooc.o2o.dao.ShopDao.queryShopCount -==> Parameters: 1(Integer)
2021-02-07 14:42:53.221 [1439488684@qtp-88950472-2] DEBUG com.imooc.o2o.dao.ShopDao.queryShopCount -<==      Total: 1
2021-02-07 14:42:54.850 [1439488684@qtp-88950472-2] DEBUG c.imooc.o2o.dao.split.DynamicDataSourceInterceptor -设置方法[com.imooc.o2o.dao.HeadLineDao.queryHeadLineList] use[slave] Strategy,SqlCommandType[SELECT]...
2021-02-07 14:42:54.851 [1439488684@qtp-88950472-2] DEBUG com.imooc.o2o.dao.split.DynamicDataSourceHolder -所使用的数据源为：slave
2021-02-07 14:42:54.851 [1439488684@qtp-88950472-2] DEBUG com.imooc.o2o.dao.HeadLineDao.queryHeadLineList -==>  Preparing: select line_id,line_name,line_link,line_img,priority,enable_status,create_time,last_edit_time from tb_head_line WHERE enable_status = ? order by priority desc;
2021-02-07 14:42:54.851 [1439488684@qtp-88950472-2] DEBUG com.imooc.o2o.dao.HeadLineDao.queryHeadLineList -==> Parameters: 1(Integer)
2021-02-07 14:42:54.894 [1439488684@qtp-88950472-2] DEBUG com.imooc.o2o.dao.HeadLineDao.queryHeadLineList -<==      Total: 4
2021-02-07 14:42:54.895 [1439488684@qtp-88950472-2] DEBUG c.imooc.o2o.dao.split.DynamicDataSourceInterceptor -设置方法[com.imooc.o2o.dao.ShopCategoryDao.queryShopCategory] use[slave] Strategy,SqlCommandType[SELECT]...
2021-02-07 14:42:54.895 [1439488684@qtp-88950472-2] DEBUG com.imooc.o2o.dao.split.DynamicDataSourceHolder -所使用的数据源为：slave
2021-02-07 14:42:54.895 [1439488684@qtp-88950472-2] DEBUG c.imooc.o2o.dao.ShopCategoryDao.queryShopCategory -==>  Preparing: SELECT shop_category_id,shop_category_name,shop_category_desc,shop_category_img, priority,create_time,last_edit_time,parent_id FROM tb_shop_category WHERE parent_id is null ORDER BY priority DESC;
2021-02-07 14:42:54.895 [1439488684@qtp-88950472-2] DEBUG c.imooc.o2o.dao.ShopCategoryDao.queryShopCategory -==> Parameters: 
2021-02-07 14:42:54.935 [1439488684@qtp-88950472-2] DEBUG c.imooc.o2o.dao.ShopCategoryDao.queryShopCategory -<==      Total: 6
2021-02-07 14:42:56.608 [1439488684@qtp-88950472-2] DEBUG c.imooc.o2o.dao.split.DynamicDataSourceInterceptor -设置方法[com.imooc.o2o.dao.ShopDao.queryShopList] use[slave] Strategy,SqlCommandType[SELECT]...
2021-02-07 14:42:56.608 [1439488684@qtp-88950472-2] DEBUG com.imooc.o2o.dao.split.DynamicDataSourceHolder -所使用的数据源为：slave
2021-02-07 14:42:56.609 [1439488684@qtp-88950472-2] DEBUG com.imooc.o2o.dao.ShopDao.queryShopList -==>  Preparing: select s.shop_id, s.shop_name, s.shop_desc, s.shop_addr, s.phone, s.shop_img, s.priority, s.enable_status, s.create_time, s.last_edit_time, s.advice, a.area_id, a.area_name, sc.shop_category_id, sc.shop_category_name FROM tb_shop s, tb_shop_category sc, tb_area a WHERE s.shop_category_id in (select shop_category_id from tb_shop_category where parent_id = ?) and s.enable_status = ? and s.shop_category_id = sc.shop_category_id and s.area_id = a.area_id ORDER BY s.priority DESC LIMIT ?, ?;
2021-02-07 14:42:56.610 [1439488684@qtp-88950472-2] DEBUG com.imooc.o2o.dao.ShopDao.queryShopList -==> Parameters: 10(Long), 1(Integer), 0(Integer), 3(Integer)
2021-02-07 14:42:56.624 [2025967449@qtp-88950472-5] DEBUG c.imooc.o2o.dao.split.DynamicDataSourceInterceptor -设置方法[com.imooc.o2o.dao.ShopCategoryDao.queryShopCategory] use[slave] Strategy,SqlCommandType[SELECT]...
2021-02-07 14:42:56.624 [2025967449@qtp-88950472-5] DEBUG com.imooc.o2o.dao.split.DynamicDataSourceHolder -所使用的数据源为：slave
2021-02-07 14:42:56.624 [2025967449@qtp-88950472-5] DEBUG c.imooc.o2o.dao.ShopCategoryDao.queryShopCategory -==>  Preparing: SELECT shop_category_id,shop_category_name,shop_category_desc,shop_category_img, priority,create_time,last_edit_time,parent_id FROM tb_shop_category WHERE parent_id is not null and parent_id = ? ORDER BY priority DESC;
2021-02-07 14:42:56.625 [2025967449@qtp-88950472-5] DEBUG c.imooc.o2o.dao.ShopCategoryDao.queryShopCategory -==> Parameters: 10(Long)
2021-02-07 14:42:56.657 [1439488684@qtp-88950472-2] DEBUG com.imooc.o2o.dao.ShopDao.queryShopList -<==      Total: 2
2021-02-07 14:42:56.658 [2025967449@qtp-88950472-5] DEBUG c.imooc.o2o.dao.ShopCategoryDao.queryShopCategory -<==      Total: 2
2021-02-07 14:42:56.658 [1439488684@qtp-88950472-2] DEBUG c.imooc.o2o.dao.split.DynamicDataSourceInterceptor -设置方法[com.imooc.o2o.dao.ShopDao.queryShopCount] use[slave] Strategy,SqlCommandType[SELECT]...
2021-02-07 14:42:56.658 [1439488684@qtp-88950472-2] DEBUG com.imooc.o2o.dao.split.DynamicDataSourceHolder -所使用的数据源为：slave
2021-02-07 14:42:56.659 [1439488684@qtp-88950472-2] DEBUG com.imooc.o2o.dao.ShopDao.queryShopCount -==>  Preparing: SELECT COUNT(1) FROM tb_shop s, tb_shop_category sc, tb_area a WHERE s.shop_category_id = sc.shop_category_id and s.area_id = a.area_id and s.shop_category_id in (select shop_category_id from tb_shop_category where parent_id = ?) and s.enable_status = ? ORDER BY s.priority DESC;
2021-02-07 14:42:56.659 [1439488684@qtp-88950472-2] DEBUG com.imooc.o2o.dao.ShopDao.queryShopCount -==> Parameters: 10(Long), 1(Integer)
2021-02-07 14:42:56.658 [2025967449@qtp-88950472-5] DEBUG c.imooc.o2o.dao.split.DynamicDataSourceInterceptor -设置方法[com.imooc.o2o.dao.AreaDao.queryArea] use[slave] Strategy,SqlCommandType[SELECT]...
2021-02-07 14:42:56.661 [2025967449@qtp-88950472-5] DEBUG com.imooc.o2o.dao.split.DynamicDataSourceHolder -所使用的数据源为：slave
2021-02-07 14:42:56.661 [2025967449@qtp-88950472-5] DEBUG com.imooc.o2o.dao.AreaDao.queryArea -==>  Preparing: select area_id,area_name,priority,create_time,last_edit_time from tb_area order by priority desc;
2021-02-07 14:42:56.661 [2025967449@qtp-88950472-5] DEBUG com.imooc.o2o.dao.AreaDao.queryArea -==> Parameters: 
2021-02-07 14:42:56.690 [1439488684@qtp-88950472-2] DEBUG com.imooc.o2o.dao.ShopDao.queryShopCount -<==      Total: 1
2021-02-07 14:42:56.691 [1439488684@qtp-88950472-2] DEBUG c.imooc.o2o.dao.split.DynamicDataSourceInterceptor -设置方法[com.imooc.o2o.dao.ShopDao.queryShopCount] use[slave] Strategy,SqlCommandType[SELECT]...
2021-02-07 14:42:56.691 [1439488684@qtp-88950472-2] DEBUG com.imooc.o2o.dao.split.DynamicDataSourceHolder -所使用的数据源为：slave
2021-02-07 14:42:56.692 [1439488684@qtp-88950472-2] DEBUG com.imooc.o2o.dao.ShopDao.queryShopCount -==>  Preparing: SELECT COUNT(1) FROM tb_shop s, tb_shop_category sc, tb_area a WHERE s.shop_category_id = sc.shop_category_id and s.area_id = a.area_id and s.shop_category_id in (select shop_category_id from tb_shop_category where parent_id = ?) and s.enable_status = ? ORDER BY s.priority DESC;
2021-02-07 14:42:56.692 [1439488684@qtp-88950472-2] DEBUG com.imooc.o2o.dao.ShopDao.queryShopCount -==> Parameters: 10(Long), 1(Integer)
2021-02-07 14:42:56.699 [2025967449@qtp-88950472-5] DEBUG com.imooc.o2o.dao.AreaDao.queryArea -<==      Total: 3
2021-02-07 14:42:56.726 [1439488684@qtp-88950472-2] DEBUG com.imooc.o2o.dao.ShopDao.queryShopCount -<==      Total: 1
2021-02-07 14:42:58.428 [1439488684@qtp-88950472-2] DEBUG c.imooc.o2o.dao.split.DynamicDataSourceInterceptor -设置方法[com.imooc.o2o.dao.HeadLineDao.queryHeadLineList] use[slave] Strategy,SqlCommandType[SELECT]...
2021-02-07 14:42:58.428 [1439488684@qtp-88950472-2] DEBUG com.imooc.o2o.dao.split.DynamicDataSourceHolder -所使用的数据源为：slave
2021-02-07 14:42:58.428 [1439488684@qtp-88950472-2] DEBUG com.imooc.o2o.dao.HeadLineDao.queryHeadLineList -==>  Preparing: select line_id,line_name,line_link,line_img,priority,enable_status,create_time,last_edit_time from tb_head_line WHERE enable_status = ? order by priority desc;
2021-02-07 14:42:58.428 [1439488684@qtp-88950472-2] DEBUG com.imooc.o2o.dao.HeadLineDao.queryHeadLineList -==> Parameters: 1(Integer)
2021-02-07 14:42:58.705 [1439488684@qtp-88950472-2] DEBUG com.imooc.o2o.dao.HeadLineDao.queryHeadLineList -<==      Total: 4
2021-02-07 14:42:58.705 [1439488684@qtp-88950472-2] DEBUG c.imooc.o2o.dao.split.DynamicDataSourceInterceptor -设置方法[com.imooc.o2o.dao.ShopCategoryDao.queryShopCategory] use[slave] Strategy,SqlCommandType[SELECT]...
2021-02-07 14:42:58.705 [1439488684@qtp-88950472-2] DEBUG com.imooc.o2o.dao.split.DynamicDataSourceHolder -所使用的数据源为：slave
2021-02-07 14:42:58.706 [1439488684@qtp-88950472-2] DEBUG c.imooc.o2o.dao.ShopCategoryDao.queryShopCategory -==>  Preparing: SELECT shop_category_id,shop_category_name,shop_category_desc,shop_category_img, priority,create_time,last_edit_time,parent_id FROM tb_shop_category WHERE parent_id is null ORDER BY priority DESC;
2021-02-07 14:42:58.706 [1439488684@qtp-88950472-2] DEBUG c.imooc.o2o.dao.ShopCategoryDao.queryShopCategory -==> Parameters: 
2021-02-07 14:42:58.742 [1439488684@qtp-88950472-2] DEBUG c.imooc.o2o.dao.ShopCategoryDao.queryShopCategory -<==      Total: 6
2021-02-07 14:43:00.712 [2025967449@qtp-88950472-5] DEBUG c.imooc.o2o.dao.split.DynamicDataSourceInterceptor -设置方法[com.imooc.o2o.dao.ShopCategoryDao.queryShopCategory] use[slave] Strategy,SqlCommandType[SELECT]...
2021-02-07 14:43:00.712 [2025967449@qtp-88950472-5] DEBUG com.imooc.o2o.dao.split.DynamicDataSourceHolder -所使用的数据源为：slave
2021-02-07 14:43:00.712 [2025967449@qtp-88950472-5] DEBUG c.imooc.o2o.dao.ShopCategoryDao.queryShopCategory -==>  Preparing: SELECT shop_category_id,shop_category_name,shop_category_desc,shop_category_img, priority,create_time,last_edit_time,parent_id FROM tb_shop_category WHERE parent_id is null ORDER BY priority DESC;
2021-02-07 14:43:00.712 [2025967449@qtp-88950472-5] DEBUG c.imooc.o2o.dao.ShopCategoryDao.queryShopCategory -==> Parameters: 
2021-02-07 14:43:00.713 [1439488684@qtp-88950472-2] DEBUG c.imooc.o2o.dao.split.DynamicDataSourceInterceptor -设置方法[com.imooc.o2o.dao.ShopDao.queryShopList] use[slave] Strategy,SqlCommandType[SELECT]...
2021-02-07 14:43:00.713 [1439488684@qtp-88950472-2] DEBUG com.imooc.o2o.dao.split.DynamicDataSourceHolder -所使用的数据源为：slave
2021-02-07 14:43:00.713 [1439488684@qtp-88950472-2] DEBUG com.imooc.o2o.dao.ShopDao.queryShopList -==>  Preparing: select s.shop_id, s.shop_name, s.shop_desc, s.shop_addr, s.phone, s.shop_img, s.priority, s.enable_status, s.create_time, s.last_edit_time, s.advice, a.area_id, a.area_name, sc.shop_category_id, sc.shop_category_name FROM tb_shop s, tb_shop_category sc, tb_area a WHERE s.enable_status = ? and s.shop_category_id = sc.shop_category_id and s.area_id = a.area_id ORDER BY s.priority DESC LIMIT ?, ?;
2021-02-07 14:43:00.713 [1439488684@qtp-88950472-2] DEBUG com.imooc.o2o.dao.ShopDao.queryShopList -==> Parameters: 1(Integer), 0(Integer), 3(Integer)
2021-02-07 14:43:00.767 [2025967449@qtp-88950472-5] DEBUG c.imooc.o2o.dao.ShopCategoryDao.queryShopCategory -<==      Total: 6
2021-02-07 14:43:00.768 [1439488684@qtp-88950472-2] DEBUG com.imooc.o2o.dao.ShopDao.queryShopList -<==      Total: 3
2021-02-07 14:43:00.768 [2025967449@qtp-88950472-5] DEBUG c.imooc.o2o.dao.split.DynamicDataSourceInterceptor -设置方法[com.imooc.o2o.dao.AreaDao.queryArea] use[slave] Strategy,SqlCommandType[SELECT]...
2021-02-07 14:43:00.768 [2025967449@qtp-88950472-5] DEBUG com.imooc.o2o.dao.split.DynamicDataSourceHolder -所使用的数据源为：slave
2021-02-07 14:43:00.768 [2025967449@qtp-88950472-5] DEBUG com.imooc.o2o.dao.AreaDao.queryArea -==>  Preparing: select area_id,area_name,priority,create_time,last_edit_time from tb_area order by priority desc;
2021-02-07 14:43:00.768 [1439488684@qtp-88950472-2] DEBUG c.imooc.o2o.dao.split.DynamicDataSourceInterceptor -设置方法[com.imooc.o2o.dao.ShopDao.queryShopCount] use[slave] Strategy,SqlCommandType[SELECT]...
2021-02-07 14:43:00.768 [1439488684@qtp-88950472-2] DEBUG com.imooc.o2o.dao.split.DynamicDataSourceHolder -所使用的数据源为：slave
2021-02-07 14:43:00.768 [2025967449@qtp-88950472-5] DEBUG com.imooc.o2o.dao.AreaDao.queryArea -==> Parameters: 
2021-02-07 14:43:00.769 [1439488684@qtp-88950472-2] DEBUG com.imooc.o2o.dao.ShopDao.queryShopCount -==>  Preparing: SELECT COUNT(1) FROM tb_shop s, tb_shop_category sc, tb_area a WHERE s.shop_category_id = sc.shop_category_id and s.area_id = a.area_id and s.enable_status = ? ORDER BY s.priority DESC;
2021-02-07 14:43:00.769 [1439488684@qtp-88950472-2] DEBUG com.imooc.o2o.dao.ShopDao.queryShopCount -==> Parameters: 1(Integer)
2021-02-07 14:43:00.802 [1439488684@qtp-88950472-2] DEBUG com.imooc.o2o.dao.ShopDao.queryShopCount -<==      Total: 1
2021-02-07 14:43:00.803 [1439488684@qtp-88950472-2] DEBUG c.imooc.o2o.dao.split.DynamicDataSourceInterceptor -设置方法[com.imooc.o2o.dao.ShopDao.queryShopCount] use[slave] Strategy,SqlCommandType[SELECT]...
2021-02-07 14:43:00.803 [1439488684@qtp-88950472-2] DEBUG com.imooc.o2o.dao.split.DynamicDataSourceHolder -所使用的数据源为：slave
2021-02-07 14:43:00.803 [1439488684@qtp-88950472-2] DEBUG com.imooc.o2o.dao.ShopDao.queryShopCount -==>  Preparing: SELECT COUNT(1) FROM tb_shop s, tb_shop_category sc, tb_area a WHERE s.shop_category_id = sc.shop_category_id and s.area_id = a.area_id and s.enable_status = ? ORDER BY s.priority DESC;
2021-02-07 14:43:00.803 [1439488684@qtp-88950472-2] DEBUG com.imooc.o2o.dao.ShopDao.queryShopCount -==> Parameters: 1(Integer)
2021-02-07 14:43:00.805 [2025967449@qtp-88950472-5] DEBUG com.imooc.o2o.dao.AreaDao.queryArea -<==      Total: 3
2021-02-07 14:43:00.838 [1439488684@qtp-88950472-2] DEBUG com.imooc.o2o.dao.ShopDao.queryShopCount -<==      Total: 1
2021-02-07 14:43:01.775 [1439488684@qtp-88950472-2] DEBUG c.imooc.o2o.dao.split.DynamicDataSourceInterceptor -设置方法[com.imooc.o2o.dao.ShopDao.queryShopList] use[slave] Strategy,SqlCommandType[SELECT]...
2021-02-07 14:43:01.775 [1439488684@qtp-88950472-2] DEBUG com.imooc.o2o.dao.split.DynamicDataSourceHolder -所使用的数据源为：slave
2021-02-07 14:43:01.776 [1439488684@qtp-88950472-2] DEBUG com.imooc.o2o.dao.ShopDao.queryShopList -==>  Preparing: select s.shop_id, s.shop_name, s.shop_desc, s.shop_addr, s.phone, s.shop_img, s.priority, s.enable_status, s.create_time, s.last_edit_time, s.advice, a.area_id, a.area_name, sc.shop_category_id, sc.shop_category_name FROM tb_shop s, tb_shop_category sc, tb_area a WHERE s.enable_status = ? and s.shop_category_id = sc.shop_category_id and s.area_id = a.area_id ORDER BY s.priority DESC LIMIT ?, ?;
2021-02-07 14:43:01.776 [1439488684@qtp-88950472-2] DEBUG com.imooc.o2o.dao.ShopDao.queryShopList -==> Parameters: 1(Integer), 3(Integer), 3(Integer)
2021-02-07 14:43:01.908 [1439488684@qtp-88950472-2] DEBUG com.imooc.o2o.dao.ShopDao.queryShopList -<==      Total: 3
2021-02-07 14:43:01.909 [1439488684@qtp-88950472-2] DEBUG c.imooc.o2o.dao.split.DynamicDataSourceInterceptor -设置方法[com.imooc.o2o.dao.ShopDao.queryShopCount] use[slave] Strategy,SqlCommandType[SELECT]...
2021-02-07 14:43:01.909 [1439488684@qtp-88950472-2] DEBUG com.imooc.o2o.dao.split.DynamicDataSourceHolder -所使用的数据源为：slave
2021-02-07 14:43:01.909 [1439488684@qtp-88950472-2] DEBUG com.imooc.o2o.dao.ShopDao.queryShopCount -==>  Preparing: SELECT COUNT(1) FROM tb_shop s, tb_shop_category sc, tb_area a WHERE s.shop_category_id = sc.shop_category_id and s.area_id = a.area_id and s.enable_status = ? ORDER BY s.priority DESC;
2021-02-07 14:43:01.910 [1439488684@qtp-88950472-2] DEBUG com.imooc.o2o.dao.ShopDao.queryShopCount -==> Parameters: 1(Integer)
2021-02-07 14:43:01.943 [1439488684@qtp-88950472-2] DEBUG com.imooc.o2o.dao.ShopDao.queryShopCount -<==      Total: 1
2021-02-07 14:43:01.943 [1439488684@qtp-88950472-2] DEBUG c.imooc.o2o.dao.split.DynamicDataSourceInterceptor -设置方法[com.imooc.o2o.dao.ShopDao.queryShopCount] use[slave] Strategy,SqlCommandType[SELECT]...
2021-02-07 14:43:01.943 [1439488684@qtp-88950472-2] DEBUG com.imooc.o2o.dao.split.DynamicDataSourceHolder -所使用的数据源为：slave
2021-02-07 14:43:01.944 [1439488684@qtp-88950472-2] DEBUG com.imooc.o2o.dao.ShopDao.queryShopCount -==>  Preparing: SELECT COUNT(1) FROM tb_shop s, tb_shop_category sc, tb_area a WHERE s.shop_category_id = sc.shop_category_id and s.area_id = a.area_id and s.enable_status = ? ORDER BY s.priority DESC;
2021-02-07 14:43:01.944 [1439488684@qtp-88950472-2] DEBUG com.imooc.o2o.dao.ShopDao.queryShopCount -==> Parameters: 1(Integer)
2021-02-07 14:43:01.976 [1439488684@qtp-88950472-2] DEBUG com.imooc.o2o.dao.ShopDao.queryShopCount -<==      Total: 1
2021-02-07 14:43:02.959 [1439488684@qtp-88950472-2] DEBUG c.imooc.o2o.dao.split.DynamicDataSourceInterceptor -设置方法[com.imooc.o2o.dao.ShopDao.queryByShopId] use[slave] Strategy,SqlCommandType[SELECT]...
2021-02-07 14:43:02.959 [1439488684@qtp-88950472-2] DEBUG com.imooc.o2o.dao.split.DynamicDataSourceHolder -所使用的数据源为：slave
2021-02-07 14:43:02.959 [1439488684@qtp-88950472-2] DEBUG com.imooc.o2o.dao.ShopDao.queryByShopId -==>  Preparing: SELECT s.shop_id, s.shop_name, s.shop_desc, s.shop_addr, s.phone, s.shop_img, s.priority, s.enable_status, s.create_time, s.last_edit_time, s.advice, a.area_id, a.area_name, sc.shop_category_id, sc.shop_category_name FROM tb_shop s, tb_shop_category sc, tb_area a WHERE s.area_id = a.area_id AND s.shop_category_id = sc.shop_category_id AND s.shop_id = ?
2021-02-07 14:43:02.960 [1439488684@qtp-88950472-2] DEBUG com.imooc.o2o.dao.ShopDao.queryByShopId -==> Parameters: 83(Long)
2021-02-07 14:43:02.971 [2025967449@qtp-88950472-5] DEBUG c.imooc.o2o.dao.split.DynamicDataSourceInterceptor -设置方法[com.imooc.o2o.dao.ProductDao.queryProductList] use[slave] Strategy,SqlCommandType[SELECT]...
2021-02-07 14:43:02.972 [2025967449@qtp-88950472-5] DEBUG com.imooc.o2o.dao.split.DynamicDataSourceHolder -所使用的数据源为：slave
2021-02-07 14:43:02.973 [2025967449@qtp-88950472-5] DEBUG com.imooc.o2o.dao.ProductDao.queryProductList -==>  Preparing: select product_id,product_name,product_desc,img_addr,normal_price,promotion_price,priority as product_priority,create_time as product_create_time, last_edit_time as product_last_edit_time,enable_status as product_enable_status from tb_product WHERE shop_id = ? and enable_status = ? order by priority desc limit ?,?
2021-02-07 14:43:02.973 [2025967449@qtp-88950472-5] DEBUG com.imooc.o2o.dao.ProductDao.queryProductList -==> Parameters: 83(Long), 1(Integer), 0(Integer), 4(Integer)
2021-02-07 14:43:03.003 [1439488684@qtp-88950472-2] DEBUG com.imooc.o2o.dao.ShopDao.queryByShopId -<==      Total: 1
2021-02-07 14:43:03.004 [1439488684@qtp-88950472-2] DEBUG c.imooc.o2o.dao.split.DynamicDataSourceInterceptor -设置方法[com.imooc.o2o.dao.ProductCategoryDao.queryProductCategoryList] use[slave] Strategy,SqlCommandType[SELECT]...
2021-02-07 14:43:03.005 [1439488684@qtp-88950472-2] DEBUG com.imooc.o2o.dao.split.DynamicDataSourceHolder -所使用的数据源为：slave
2021-02-07 14:43:03.006 [1439488684@qtp-88950472-2] DEBUG c.i.o.d.P.queryProductCategoryList -==>  Preparing: select product_category_id, product_category_name, priority, create_time, shop_id from tb_product_category WHERE shop_id = ? order by priority desc limit ?, ?;
2021-02-07 14:43:03.006 [1439488684@qtp-88950472-2] DEBUG c.i.o.d.P.queryProductCategoryList -==> Parameters: 83(Long), 0(Integer), 1000(Integer)
2021-02-07 14:43:03.010 [2025967449@qtp-88950472-5] DEBUG com.imooc.o2o.dao.ProductDao.queryProductList -<==      Total: 4
2021-02-07 14:43:03.010 [2025967449@qtp-88950472-5] DEBUG c.imooc.o2o.dao.split.DynamicDataSourceInterceptor -设置方法[com.imooc.o2o.dao.ProductDao.queryProductCount] use[slave] Strategy,SqlCommandType[SELECT]...
2021-02-07 14:43:03.010 [2025967449@qtp-88950472-5] DEBUG com.imooc.o2o.dao.split.DynamicDataSourceHolder -所使用的数据源为：slave
2021-02-07 14:43:03.011 [2025967449@qtp-88950472-5] DEBUG com.imooc.o2o.dao.ProductDao.queryProductCount -==>  Preparing: select count(1) from tb_product WHERE shop_id = ? and enable_status = ?
2021-02-07 14:43:03.011 [2025967449@qtp-88950472-5] DEBUG com.imooc.o2o.dao.ProductDao.queryProductCount -==> Parameters: 83(Long), 1(Integer)
2021-02-07 14:43:03.041 [1439488684@qtp-88950472-2] DEBUG c.i.o.d.P.queryProductCategoryList -<==      Total: 6
2021-02-07 14:43:03.041 [1439488684@qtp-88950472-2] DEBUG c.imooc.o2o.dao.split.DynamicDataSourceInterceptor -设置方法[com.imooc.o2o.dao.ProductCategoryDao.queryProductCategoryCount] use[slave] Strategy,SqlCommandType[SELECT]...
2021-02-07 14:43:03.041 [1439488684@qtp-88950472-2] DEBUG com.imooc.o2o.dao.split.DynamicDataSourceHolder -所使用的数据源为：slave
2021-02-07 14:43:03.042 [1439488684@qtp-88950472-2] DEBUG c.i.o.d.P.queryProductCategoryCount -==>  Preparing: select count(1) from tb_product_category WHERE shop_id = ? order by priority desc
2021-02-07 14:43:03.042 [1439488684@qtp-88950472-2] DEBUG c.i.o.d.P.queryProductCategoryCount -==> Parameters: 83(Long)
2021-02-07 14:43:03.049 [2025967449@qtp-88950472-5] DEBUG com.imooc.o2o.dao.ProductDao.queryProductCount -<==      Total: 1
2021-02-07 14:43:03.050 [2025967449@qtp-88950472-5] DEBUG c.imooc.o2o.dao.split.DynamicDataSourceInterceptor -设置方法[com.imooc.o2o.dao.ProductDao.queryProductCount] use[slave] Strategy,SqlCommandType[SELECT]...
2021-02-07 14:43:03.050 [2025967449@qtp-88950472-5] DEBUG com.imooc.o2o.dao.split.DynamicDataSourceHolder -所使用的数据源为：slave
2021-02-07 14:43:03.050 [2025967449@qtp-88950472-5] DEBUG com.imooc.o2o.dao.ProductDao.queryProductCount -==>  Preparing: select count(1) from tb_product WHERE shop_id = ? and enable_status = ?
2021-02-07 14:43:03.050 [2025967449@qtp-88950472-5] DEBUG com.imooc.o2o.dao.ProductDao.queryProductCount -==> Parameters: 83(Long), 1(Integer)
2021-02-07 14:43:03.080 [1439488684@qtp-88950472-2] DEBUG c.i.o.d.P.queryProductCategoryCount -<==      Total: 1
2021-02-07 14:43:03.085 [2025967449@qtp-88950472-5] DEBUG com.imooc.o2o.dao.ProductDao.queryProductCount -<==      Total: 1
2021-02-07 14:43:06.510 [2025967449@qtp-88950472-5] DEBUG c.imooc.o2o.dao.split.DynamicDataSourceInterceptor -设置方法[com.imooc.o2o.dao.ProductDao.queryProductList] use[slave] Strategy,SqlCommandType[SELECT]...
2021-02-07 14:43:06.511 [2025967449@qtp-88950472-5] DEBUG com.imooc.o2o.dao.split.DynamicDataSourceHolder -所使用的数据源为：slave
2021-02-07 14:43:06.511 [2025967449@qtp-88950472-5] DEBUG com.imooc.o2o.dao.ProductDao.queryProductList -==>  Preparing: select product_id,product_name,product_desc,img_addr,normal_price,promotion_price,priority as product_priority,create_time as product_create_time, last_edit_time as product_last_edit_time,enable_status as product_enable_status from tb_product WHERE shop_id = ? and enable_status = ? order by priority desc limit ?,?
2021-02-07 14:43:06.511 [2025967449@qtp-88950472-5] DEBUG com.imooc.o2o.dao.ProductDao.queryProductList -==> Parameters: 83(Long), 1(Integer), 4(Integer), 4(Integer)
2021-02-07 14:43:06.553 [2025967449@qtp-88950472-5] DEBUG com.imooc.o2o.dao.ProductDao.queryProductList -<==      Total: 3
2021-02-07 14:43:06.554 [2025967449@qtp-88950472-5] DEBUG c.imooc.o2o.dao.split.DynamicDataSourceInterceptor -设置方法[com.imooc.o2o.dao.ProductDao.queryProductCount] use[slave] Strategy,SqlCommandType[SELECT]...
2021-02-07 14:43:06.554 [2025967449@qtp-88950472-5] DEBUG com.imooc.o2o.dao.split.DynamicDataSourceHolder -所使用的数据源为：slave
2021-02-07 14:43:06.554 [2025967449@qtp-88950472-5] DEBUG com.imooc.o2o.dao.ProductDao.queryProductCount -==>  Preparing: select count(1) from tb_product WHERE shop_id = ? and enable_status = ?
2021-02-07 14:43:06.555 [2025967449@qtp-88950472-5] DEBUG com.imooc.o2o.dao.ProductDao.queryProductCount -==> Parameters: 83(Long), 1(Integer)
2021-02-07 14:43:06.586 [2025967449@qtp-88950472-5] DEBUG com.imooc.o2o.dao.ProductDao.queryProductCount -<==      Total: 1
2021-02-07 14:43:06.587 [2025967449@qtp-88950472-5] DEBUG c.imooc.o2o.dao.split.DynamicDataSourceInterceptor -设置方法[com.imooc.o2o.dao.ProductDao.queryProductCount] use[slave] Strategy,SqlCommandType[SELECT]...
2021-02-07 14:43:06.587 [2025967449@qtp-88950472-5] DEBUG com.imooc.o2o.dao.split.DynamicDataSourceHolder -所使用的数据源为：slave
2021-02-07 14:43:06.587 [2025967449@qtp-88950472-5] DEBUG com.imooc.o2o.dao.ProductDao.queryProductCount -==>  Preparing: select count(1) from tb_product WHERE shop_id = ? and enable_status = ?
2021-02-07 14:43:06.587 [2025967449@qtp-88950472-5] DEBUG com.imooc.o2o.dao.ProductDao.queryProductCount -==> Parameters: 83(Long), 1(Integer)
2021-02-07 14:43:06.620 [2025967449@qtp-88950472-5] DEBUG com.imooc.o2o.dao.ProductDao.queryProductCount -<==      Total: 1
2021-02-07 14:43:12.261 [1439488684@qtp-88950472-2] DEBUG c.imooc.o2o.dao.split.DynamicDataSourceInterceptor -设置方法[com.imooc.o2o.dao.ProductDao.queryProductList] use[slave] Strategy,SqlCommandType[SELECT]...
2021-02-07 14:43:12.261 [1439488684@qtp-88950472-2] DEBUG com.imooc.o2o.dao.split.DynamicDataSourceHolder -所使用的数据源为：slave
2021-02-07 14:43:12.261 [1439488684@qtp-88950472-2] DEBUG com.imooc.o2o.dao.ProductDao.queryProductList -==>  Preparing: select product_id,product_name,product_desc,img_addr,normal_price,promotion_price,priority as product_priority,create_time as product_create_time, last_edit_time as product_last_edit_time,enable_status as product_enable_status from tb_product WHERE shop_id = ? and product_category_id = ? and enable_status = ? order by priority desc limit ?,?
2021-02-07 14:43:12.262 [1439488684@qtp-88950472-2] DEBUG com.imooc.o2o.dao.ProductDao.queryProductList -==> Parameters: 83(Long), 73(Long), 1(Integer), 0(Integer), 4(Integer)
2021-02-07 14:43:12.307 [1439488684@qtp-88950472-2] DEBUG com.imooc.o2o.dao.ProductDao.queryProductList -<==      Total: 2
2021-02-07 14:43:12.308 [1439488684@qtp-88950472-2] DEBUG c.imooc.o2o.dao.split.DynamicDataSourceInterceptor -设置方法[com.imooc.o2o.dao.ProductDao.queryProductCount] use[slave] Strategy,SqlCommandType[SELECT]...
2021-02-07 14:43:12.308 [1439488684@qtp-88950472-2] DEBUG com.imooc.o2o.dao.split.DynamicDataSourceHolder -所使用的数据源为：slave
2021-02-07 14:43:12.308 [1439488684@qtp-88950472-2] DEBUG com.imooc.o2o.dao.ProductDao.queryProductCount -==>  Preparing: select count(1) from tb_product WHERE shop_id = ? and product_category_id = ? and enable_status = ?
2021-02-07 14:43:12.309 [1439488684@qtp-88950472-2] DEBUG com.imooc.o2o.dao.ProductDao.queryProductCount -==> Parameters: 83(Long), 73(Long), 1(Integer)
2021-02-07 14:43:12.342 [1439488684@qtp-88950472-2] DEBUG com.imooc.o2o.dao.ProductDao.queryProductCount -<==      Total: 1
2021-02-07 14:43:12.342 [1439488684@qtp-88950472-2] DEBUG c.imooc.o2o.dao.split.DynamicDataSourceInterceptor -设置方法[com.imooc.o2o.dao.ProductDao.queryProductCount] use[slave] Strategy,SqlCommandType[SELECT]...
2021-02-07 14:43:12.342 [1439488684@qtp-88950472-2] DEBUG com.imooc.o2o.dao.split.DynamicDataSourceHolder -所使用的数据源为：slave
2021-02-07 14:43:12.342 [1439488684@qtp-88950472-2] DEBUG com.imooc.o2o.dao.ProductDao.queryProductCount -==>  Preparing: select count(1) from tb_product WHERE shop_id = ? and product_category_id = ? and enable_status = ?
2021-02-07 14:43:12.343 [1439488684@qtp-88950472-2] DEBUG com.imooc.o2o.dao.ProductDao.queryProductCount -==> Parameters: 83(Long), 73(Long), 1(Integer)
2021-02-07 14:43:12.377 [1439488684@qtp-88950472-2] DEBUG com.imooc.o2o.dao.ProductDao.queryProductCount -<==      Total: 1
2021-02-07 14:43:13.530 [1439488684@qtp-88950472-2] DEBUG c.imooc.o2o.dao.split.DynamicDataSourceInterceptor -设置方法[com.imooc.o2o.dao.ProductDao.queryProductList] use[slave] Strategy,SqlCommandType[SELECT]...
2021-02-07 14:43:13.530 [1439488684@qtp-88950472-2] DEBUG com.imooc.o2o.dao.split.DynamicDataSourceHolder -所使用的数据源为：slave
2021-02-07 14:43:13.531 [1439488684@qtp-88950472-2] DEBUG com.imooc.o2o.dao.ProductDao.queryProductList -==>  Preparing: select product_id,product_name,product_desc,img_addr,normal_price,promotion_price,priority as product_priority,create_time as product_create_time, last_edit_time as product_last_edit_time,enable_status as product_enable_status from tb_product WHERE shop_id = ? and product_category_id = ? and enable_status = ? order by priority desc limit ?,?
2021-02-07 14:43:13.531 [1439488684@qtp-88950472-2] DEBUG com.imooc.o2o.dao.ProductDao.queryProductList -==> Parameters: 83(Long), 74(Long), 1(Integer), 0(Integer), 4(Integer)
2021-02-07 14:43:13.579 [1439488684@qtp-88950472-2] DEBUG com.imooc.o2o.dao.ProductDao.queryProductList -<==      Total: 1
2021-02-07 14:43:13.580 [1439488684@qtp-88950472-2] DEBUG c.imooc.o2o.dao.split.DynamicDataSourceInterceptor -设置方法[com.imooc.o2o.dao.ProductDao.queryProductCount] use[slave] Strategy,SqlCommandType[SELECT]...
2021-02-07 14:43:13.580 [1439488684@qtp-88950472-2] DEBUG com.imooc.o2o.dao.split.DynamicDataSourceHolder -所使用的数据源为：slave
2021-02-07 14:43:13.581 [1439488684@qtp-88950472-2] DEBUG com.imooc.o2o.dao.ProductDao.queryProductCount -==>  Preparing: select count(1) from tb_product WHERE shop_id = ? and product_category_id = ? and enable_status = ?
2021-02-07 14:43:13.581 [1439488684@qtp-88950472-2] DEBUG com.imooc.o2o.dao.ProductDao.queryProductCount -==> Parameters: 83(Long), 74(Long), 1(Integer)
2021-02-07 14:43:13.614 [1439488684@qtp-88950472-2] DEBUG com.imooc.o2o.dao.ProductDao.queryProductCount -<==      Total: 1
2021-02-07 14:43:13.614 [1439488684@qtp-88950472-2] DEBUG c.imooc.o2o.dao.split.DynamicDataSourceInterceptor -设置方法[com.imooc.o2o.dao.ProductDao.queryProductCount] use[slave] Strategy,SqlCommandType[SELECT]...
2021-02-07 14:43:13.614 [1439488684@qtp-88950472-2] DEBUG com.imooc.o2o.dao.split.DynamicDataSourceHolder -所使用的数据源为：slave
2021-02-07 14:43:13.614 [1439488684@qtp-88950472-2] DEBUG com.imooc.o2o.dao.ProductDao.queryProductCount -==>  Preparing: select count(1) from tb_product WHERE shop_id = ? and product_category_id = ? and enable_status = ?
2021-02-07 14:43:13.615 [1439488684@qtp-88950472-2] DEBUG com.imooc.o2o.dao.ProductDao.queryProductCount -==> Parameters: 83(Long), 74(Long), 1(Integer)
2021-02-07 14:43:13.647 [1439488684@qtp-88950472-2] DEBUG com.imooc.o2o.dao.ProductDao.queryProductCount -<==      Total: 1
2021-02-07 14:43:13.651 [1439488684@qtp-88950472-2] DEBUG c.imooc.o2o.dao.split.DynamicDataSourceInterceptor -设置方法[com.imooc.o2o.dao.ProductDao.queryProductList] use[slave] Strategy,SqlCommandType[SELECT]...
2021-02-07 14:43:13.651 [1439488684@qtp-88950472-2] DEBUG com.imooc.o2o.dao.split.DynamicDataSourceHolder -所使用的数据源为：slave
2021-02-07 14:43:13.651 [1439488684@qtp-88950472-2] DEBUG com.imooc.o2o.dao.ProductDao.queryProductList -==>  Preparing: select product_id,product_name,product_desc,img_addr,normal_price,promotion_price,priority as product_priority,create_time as product_create_time, last_edit_time as product_last_edit_time,enable_status as product_enable_status from tb_product WHERE shop_id = ? and product_category_id = ? and enable_status = ? order by priority desc limit ?,?
2021-02-07 14:43:13.652 [1439488684@qtp-88950472-2] DEBUG com.imooc.o2o.dao.ProductDao.queryProductList -==> Parameters: 83(Long), 74(Long), 1(Integer), 0(Integer), 4(Integer)
2021-02-07 14:43:13.685 [1439488684@qtp-88950472-2] DEBUG com.imooc.o2o.dao.ProductDao.queryProductList -<==      Total: 1
2021-02-07 14:43:13.686 [1439488684@qtp-88950472-2] DEBUG c.imooc.o2o.dao.split.DynamicDataSourceInterceptor -设置方法[com.imooc.o2o.dao.ProductDao.queryProductCount] use[slave] Strategy,SqlCommandType[SELECT]...
2021-02-07 14:43:13.686 [1439488684@qtp-88950472-2] DEBUG com.imooc.o2o.dao.split.DynamicDataSourceHolder -所使用的数据源为：slave
2021-02-07 14:43:13.686 [1439488684@qtp-88950472-2] DEBUG com.imooc.o2o.dao.ProductDao.queryProductCount -==>  Preparing: select count(1) from tb_product WHERE shop_id = ? and product_category_id = ? and enable_status = ?
2021-02-07 14:43:13.686 [1439488684@qtp-88950472-2] DEBUG com.imooc.o2o.dao.ProductDao.queryProductCount -==> Parameters: 83(Long), 74(Long), 1(Integer)
2021-02-07 14:43:13.719 [1439488684@qtp-88950472-2] DEBUG com.imooc.o2o.dao.ProductDao.queryProductCount -<==      Total: 1
2021-02-07 14:43:13.719 [1439488684@qtp-88950472-2] DEBUG c.imooc.o2o.dao.split.DynamicDataSourceInterceptor -设置方法[com.imooc.o2o.dao.ProductDao.queryProductCount] use[slave] Strategy,SqlCommandType[SELECT]...
2021-02-07 14:43:13.719 [1439488684@qtp-88950472-2] DEBUG com.imooc.o2o.dao.split.DynamicDataSourceHolder -所使用的数据源为：slave
2021-02-07 14:43:13.720 [1439488684@qtp-88950472-2] DEBUG com.imooc.o2o.dao.ProductDao.queryProductCount -==>  Preparing: select count(1) from tb_product WHERE shop_id = ? and product_category_id = ? and enable_status = ?
2021-02-07 14:43:13.720 [1439488684@qtp-88950472-2] DEBUG com.imooc.o2o.dao.ProductDao.queryProductCount -==> Parameters: 83(Long), 74(Long), 1(Integer)
2021-02-07 14:43:13.752 [1439488684@qtp-88950472-2] DEBUG com.imooc.o2o.dao.ProductDao.queryProductCount -<==      Total: 1
2021-02-07 14:43:14.870 [1439488684@qtp-88950472-2] DEBUG c.imooc.o2o.dao.split.DynamicDataSourceInterceptor -设置方法[com.imooc.o2o.dao.ProductDao.queryProductList] use[slave] Strategy,SqlCommandType[SELECT]...
2021-02-07 14:43:14.871 [1439488684@qtp-88950472-2] DEBUG com.imooc.o2o.dao.split.DynamicDataSourceHolder -所使用的数据源为：slave
2021-02-07 14:43:14.872 [1439488684@qtp-88950472-2] DEBUG com.imooc.o2o.dao.ProductDao.queryProductList -==>  Preparing: select product_id,product_name,product_desc,img_addr,normal_price,promotion_price,priority as product_priority,create_time as product_create_time, last_edit_time as product_last_edit_time,enable_status as product_enable_status from tb_product WHERE shop_id = ? and product_category_id = ? and enable_status = ? order by priority desc limit ?,?
2021-02-07 14:43:14.872 [1439488684@qtp-88950472-2] DEBUG com.imooc.o2o.dao.ProductDao.queryProductList -==> Parameters: 83(Long), 75(Long), 1(Integer), 0(Integer), 4(Integer)
2021-02-07 14:43:14.913 [1439488684@qtp-88950472-2] DEBUG com.imooc.o2o.dao.ProductDao.queryProductList -<==      Total: 1
2021-02-07 14:43:14.914 [1439488684@qtp-88950472-2] DEBUG c.imooc.o2o.dao.split.DynamicDataSourceInterceptor -设置方法[com.imooc.o2o.dao.ProductDao.queryProductCount] use[slave] Strategy,SqlCommandType[SELECT]...
2021-02-07 14:43:14.914 [1439488684@qtp-88950472-2] DEBUG com.imooc.o2o.dao.split.DynamicDataSourceHolder -所使用的数据源为：slave
2021-02-07 14:43:14.914 [1439488684@qtp-88950472-2] DEBUG com.imooc.o2o.dao.ProductDao.queryProductCount -==>  Preparing: select count(1) from tb_product WHERE shop_id = ? and product_category_id = ? and enable_status = ?
2021-02-07 14:43:14.914 [1439488684@qtp-88950472-2] DEBUG com.imooc.o2o.dao.ProductDao.queryProductCount -==> Parameters: 83(Long), 75(Long), 1(Integer)
2021-02-07 14:43:14.947 [1439488684@qtp-88950472-2] DEBUG com.imooc.o2o.dao.ProductDao.queryProductCount -<==      Total: 1
2021-02-07 14:43:14.947 [1439488684@qtp-88950472-2] DEBUG c.imooc.o2o.dao.split.DynamicDataSourceInterceptor -设置方法[com.imooc.o2o.dao.ProductDao.queryProductCount] use[slave] Strategy,SqlCommandType[SELECT]...
2021-02-07 14:43:14.947 [1439488684@qtp-88950472-2] DEBUG com.imooc.o2o.dao.split.DynamicDataSourceHolder -所使用的数据源为：slave
2021-02-07 14:43:14.948 [1439488684@qtp-88950472-2] DEBUG com.imooc.o2o.dao.ProductDao.queryProductCount -==>  Preparing: select count(1) from tb_product WHERE shop_id = ? and product_category_id = ? and enable_status = ?
2021-02-07 14:43:14.948 [1439488684@qtp-88950472-2] DEBUG com.imooc.o2o.dao.ProductDao.queryProductCount -==> Parameters: 83(Long), 75(Long), 1(Integer)
2021-02-07 14:43:14.981 [1439488684@qtp-88950472-2] DEBUG com.imooc.o2o.dao.ProductDao.queryProductCount -<==      Total: 1
2021-02-07 14:43:14.983 [1439488684@qtp-88950472-2] DEBUG c.imooc.o2o.dao.split.DynamicDataSourceInterceptor -设置方法[com.imooc.o2o.dao.ProductDao.queryProductList] use[slave] Strategy,SqlCommandType[SELECT]...
2021-02-07 14:43:14.983 [1439488684@qtp-88950472-2] DEBUG com.imooc.o2o.dao.split.DynamicDataSourceHolder -所使用的数据源为：slave
2021-02-07 14:43:14.983 [1439488684@qtp-88950472-2] DEBUG com.imooc.o2o.dao.ProductDao.queryProductList -==>  Preparing: select product_id,product_name,product_desc,img_addr,normal_price,promotion_price,priority as product_priority,create_time as product_create_time, last_edit_time as product_last_edit_time,enable_status as product_enable_status from tb_product WHERE shop_id = ? and product_category_id = ? and enable_status = ? order by priority desc limit ?,?
2021-02-07 14:43:14.984 [1439488684@qtp-88950472-2] DEBUG com.imooc.o2o.dao.ProductDao.queryProductList -==> Parameters: 83(Long), 75(Long), 1(Integer), 0(Integer), 4(Integer)
2021-02-07 14:43:15.016 [1439488684@qtp-88950472-2] DEBUG com.imooc.o2o.dao.ProductDao.queryProductList -<==      Total: 1
2021-02-07 14:43:15.017 [1439488684@qtp-88950472-2] DEBUG c.imooc.o2o.dao.split.DynamicDataSourceInterceptor -设置方法[com.imooc.o2o.dao.ProductDao.queryProductCount] use[slave] Strategy,SqlCommandType[SELECT]...
2021-02-07 14:43:15.017 [1439488684@qtp-88950472-2] DEBUG com.imooc.o2o.dao.split.DynamicDataSourceHolder -所使用的数据源为：slave
2021-02-07 14:43:15.017 [1439488684@qtp-88950472-2] DEBUG com.imooc.o2o.dao.ProductDao.queryProductCount -==>  Preparing: select count(1) from tb_product WHERE shop_id = ? and product_category_id = ? and enable_status = ?
2021-02-07 14:43:15.018 [1439488684@qtp-88950472-2] DEBUG com.imooc.o2o.dao.ProductDao.queryProductCount -==> Parameters: 83(Long), 75(Long), 1(Integer)
2021-02-07 14:43:15.050 [1439488684@qtp-88950472-2] DEBUG com.imooc.o2o.dao.ProductDao.queryProductCount -<==      Total: 1
2021-02-07 14:43:15.050 [1439488684@qtp-88950472-2] DEBUG c.imooc.o2o.dao.split.DynamicDataSourceInterceptor -设置方法[com.imooc.o2o.dao.ProductDao.queryProductCount] use[slave] Strategy,SqlCommandType[SELECT]...
2021-02-07 14:43:15.051 [1439488684@qtp-88950472-2] DEBUG com.imooc.o2o.dao.split.DynamicDataSourceHolder -所使用的数据源为：slave
2021-02-07 14:43:15.052 [1439488684@qtp-88950472-2] DEBUG com.imooc.o2o.dao.ProductDao.queryProductCount -==>  Preparing: select count(1) from tb_product WHERE shop_id = ? and product_category_id = ? and enable_status = ?
2021-02-07 14:43:15.052 [1439488684@qtp-88950472-2] DEBUG com.imooc.o2o.dao.ProductDao.queryProductCount -==> Parameters: 83(Long), 75(Long), 1(Integer)
2021-02-07 14:43:15.084 [1439488684@qtp-88950472-2] DEBUG com.imooc.o2o.dao.ProductDao.queryProductCount -<==      Total: 1
2021-02-07 14:43:16.297 [1439488684@qtp-88950472-2] DEBUG c.imooc.o2o.dao.split.DynamicDataSourceInterceptor -设置方法[com.imooc.o2o.dao.ProductDao.queryProductList] use[slave] Strategy,SqlCommandType[SELECT]...
2021-02-07 14:43:16.297 [1439488684@qtp-88950472-2] DEBUG com.imooc.o2o.dao.split.DynamicDataSourceHolder -所使用的数据源为：slave
2021-02-07 14:43:16.298 [1439488684@qtp-88950472-2] DEBUG com.imooc.o2o.dao.ProductDao.queryProductList -==>  Preparing: select product_id,product_name,product_desc,img_addr,normal_price,promotion_price,priority as product_priority,create_time as product_create_time, last_edit_time as product_last_edit_time,enable_status as product_enable_status from tb_product WHERE shop_id = ? and product_category_id = ? and enable_status = ? order by priority desc limit ?,?
2021-02-07 14:43:16.298 [1439488684@qtp-88950472-2] DEBUG com.imooc.o2o.dao.ProductDao.queryProductList -==> Parameters: 83(Long), 76(Long), 1(Integer), 0(Integer), 4(Integer)
2021-02-07 14:43:16.342 [1439488684@qtp-88950472-2] DEBUG com.imooc.o2o.dao.ProductDao.queryProductList -<==      Total: 1
2021-02-07 14:43:16.343 [1439488684@qtp-88950472-2] DEBUG c.imooc.o2o.dao.split.DynamicDataSourceInterceptor -设置方法[com.imooc.o2o.dao.ProductDao.queryProductCount] use[slave] Strategy,SqlCommandType[SELECT]...
2021-02-07 14:43:16.343 [1439488684@qtp-88950472-2] DEBUG com.imooc.o2o.dao.split.DynamicDataSourceHolder -所使用的数据源为：slave
2021-02-07 14:43:16.343 [1439488684@qtp-88950472-2] DEBUG com.imooc.o2o.dao.ProductDao.queryProductCount -==>  Preparing: select count(1) from tb_product WHERE shop_id = ? and product_category_id = ? and enable_status = ?
2021-02-07 14:43:16.343 [1439488684@qtp-88950472-2] DEBUG com.imooc.o2o.dao.ProductDao.queryProductCount -==> Parameters: 83(Long), 76(Long), 1(Integer)
2021-02-07 14:43:16.378 [1439488684@qtp-88950472-2] DEBUG com.imooc.o2o.dao.ProductDao.queryProductCount -<==      Total: 1
2021-02-07 14:43:16.379 [1439488684@qtp-88950472-2] DEBUG c.imooc.o2o.dao.split.DynamicDataSourceInterceptor -设置方法[com.imooc.o2o.dao.ProductDao.queryProductCount] use[slave] Strategy,SqlCommandType[SELECT]...
2021-02-07 14:43:16.379 [1439488684@qtp-88950472-2] DEBUG com.imooc.o2o.dao.split.DynamicDataSourceHolder -所使用的数据源为：slave
2021-02-07 14:43:16.379 [1439488684@qtp-88950472-2] DEBUG com.imooc.o2o.dao.ProductDao.queryProductCount -==>  Preparing: select count(1) from tb_product WHERE shop_id = ? and product_category_id = ? and enable_status = ?
2021-02-07 14:43:16.380 [1439488684@qtp-88950472-2] DEBUG com.imooc.o2o.dao.ProductDao.queryProductCount -==> Parameters: 83(Long), 76(Long), 1(Integer)
2021-02-07 14:43:16.414 [1439488684@qtp-88950472-2] DEBUG com.imooc.o2o.dao.ProductDao.queryProductCount -<==      Total: 1
2021-02-07 14:43:16.417 [1439488684@qtp-88950472-2] DEBUG c.imooc.o2o.dao.split.DynamicDataSourceInterceptor -设置方法[com.imooc.o2o.dao.ProductDao.queryProductList] use[slave] Strategy,SqlCommandType[SELECT]...
2021-02-07 14:43:16.417 [1439488684@qtp-88950472-2] DEBUG com.imooc.o2o.dao.split.DynamicDataSourceHolder -所使用的数据源为：slave
2021-02-07 14:43:16.417 [1439488684@qtp-88950472-2] DEBUG com.imooc.o2o.dao.ProductDao.queryProductList -==>  Preparing: select product_id,product_name,product_desc,img_addr,normal_price,promotion_price,priority as product_priority,create_time as product_create_time, last_edit_time as product_last_edit_time,enable_status as product_enable_status from tb_product WHERE shop_id = ? and product_category_id = ? and enable_status = ? order by priority desc limit ?,?
2021-02-07 14:43:16.417 [1439488684@qtp-88950472-2] DEBUG com.imooc.o2o.dao.ProductDao.queryProductList -==> Parameters: 83(Long), 76(Long), 1(Integer), 0(Integer), 4(Integer)
2021-02-07 14:43:16.451 [1439488684@qtp-88950472-2] DEBUG com.imooc.o2o.dao.ProductDao.queryProductList -<==      Total: 1
2021-02-07 14:43:16.452 [1439488684@qtp-88950472-2] DEBUG c.imooc.o2o.dao.split.DynamicDataSourceInterceptor -设置方法[com.imooc.o2o.dao.ProductDao.queryProductCount] use[slave] Strategy,SqlCommandType[SELECT]...
2021-02-07 14:43:16.452 [1439488684@qtp-88950472-2] DEBUG com.imooc.o2o.dao.split.DynamicDataSourceHolder -所使用的数据源为：slave
2021-02-07 14:43:16.452 [1439488684@qtp-88950472-2] DEBUG com.imooc.o2o.dao.ProductDao.queryProductCount -==>  Preparing: select count(1) from tb_product WHERE shop_id = ? and product_category_id = ? and enable_status = ?
2021-02-07 14:43:16.452 [1439488684@qtp-88950472-2] DEBUG com.imooc.o2o.dao.ProductDao.queryProductCount -==> Parameters: 83(Long), 76(Long), 1(Integer)
2021-02-07 14:43:16.491 [1439488684@qtp-88950472-2] DEBUG com.imooc.o2o.dao.ProductDao.queryProductCount -<==      Total: 1
2021-02-07 14:43:16.492 [1439488684@qtp-88950472-2] DEBUG c.imooc.o2o.dao.split.DynamicDataSourceInterceptor -设置方法[com.imooc.o2o.dao.ProductDao.queryProductCount] use[slave] Strategy,SqlCommandType[SELECT]...
2021-02-07 14:43:16.492 [1439488684@qtp-88950472-2] DEBUG com.imooc.o2o.dao.split.DynamicDataSourceHolder -所使用的数据源为：slave
2021-02-07 14:43:16.492 [1439488684@qtp-88950472-2] DEBUG com.imooc.o2o.dao.ProductDao.queryProductCount -==>  Preparing: select count(1) from tb_product WHERE shop_id = ? and product_category_id = ? and enable_status = ?
2021-02-07 14:43:16.492 [1439488684@qtp-88950472-2] DEBUG com.imooc.o2o.dao.ProductDao.queryProductCount -==> Parameters: 83(Long), 76(Long), 1(Integer)
2021-02-07 14:43:16.526 [1439488684@qtp-88950472-2] DEBUG com.imooc.o2o.dao.ProductDao.queryProductCount -<==      Total: 1
2021-02-07 14:43:17.392 [1439488684@qtp-88950472-2] DEBUG c.imooc.o2o.dao.split.DynamicDataSourceInterceptor -设置方法[com.imooc.o2o.dao.ProductDao.queryProductList] use[slave] Strategy,SqlCommandType[SELECT]...
2021-02-07 14:43:17.392 [1439488684@qtp-88950472-2] DEBUG com.imooc.o2o.dao.split.DynamicDataSourceHolder -所使用的数据源为：slave
2021-02-07 14:43:17.393 [1439488684@qtp-88950472-2] DEBUG com.imooc.o2o.dao.ProductDao.queryProductList -==>  Preparing: select product_id,product_name,product_desc,img_addr,normal_price,promotion_price,priority as product_priority,create_time as product_create_time, last_edit_time as product_last_edit_time,enable_status as product_enable_status from tb_product WHERE shop_id = ? and product_category_id = ? and enable_status = ? order by priority desc limit ?,?
2021-02-07 14:43:17.393 [1439488684@qtp-88950472-2] DEBUG com.imooc.o2o.dao.ProductDao.queryProductList -==> Parameters: 83(Long), 78(Long), 1(Integer), 0(Integer), 4(Integer)
2021-02-07 14:43:17.435 [1439488684@qtp-88950472-2] DEBUG com.imooc.o2o.dao.ProductDao.queryProductList -<==      Total: 2
2021-02-07 14:43:17.436 [1439488684@qtp-88950472-2] DEBUG c.imooc.o2o.dao.split.DynamicDataSourceInterceptor -设置方法[com.imooc.o2o.dao.ProductDao.queryProductCount] use[slave] Strategy,SqlCommandType[SELECT]...
2021-02-07 14:43:17.436 [1439488684@qtp-88950472-2] DEBUG com.imooc.o2o.dao.split.DynamicDataSourceHolder -所使用的数据源为：slave
2021-02-07 14:43:17.436 [1439488684@qtp-88950472-2] DEBUG com.imooc.o2o.dao.ProductDao.queryProductCount -==>  Preparing: select count(1) from tb_product WHERE shop_id = ? and product_category_id = ? and enable_status = ?
2021-02-07 14:43:17.436 [1439488684@qtp-88950472-2] DEBUG com.imooc.o2o.dao.ProductDao.queryProductCount -==> Parameters: 83(Long), 78(Long), 1(Integer)
2021-02-07 14:43:17.470 [1439488684@qtp-88950472-2] DEBUG com.imooc.o2o.dao.ProductDao.queryProductCount -<==      Total: 1
2021-02-07 14:43:17.471 [1439488684@qtp-88950472-2] DEBUG c.imooc.o2o.dao.split.DynamicDataSourceInterceptor -设置方法[com.imooc.o2o.dao.ProductDao.queryProductCount] use[slave] Strategy,SqlCommandType[SELECT]...
2021-02-07 14:43:17.471 [1439488684@qtp-88950472-2] DEBUG com.imooc.o2o.dao.split.DynamicDataSourceHolder -所使用的数据源为：slave
2021-02-07 14:43:17.471 [1439488684@qtp-88950472-2] DEBUG com.imooc.o2o.dao.ProductDao.queryProductCount -==>  Preparing: select count(1) from tb_product WHERE shop_id = ? and product_category_id = ? and enable_status = ?
2021-02-07 14:43:17.472 [1439488684@qtp-88950472-2] DEBUG com.imooc.o2o.dao.ProductDao.queryProductCount -==> Parameters: 83(Long), 78(Long), 1(Integer)
2021-02-07 14:43:17.504 [1439488684@qtp-88950472-2] DEBUG com.imooc.o2o.dao.ProductDao.queryProductCount -<==      Total: 1
2021-02-07 14:43:17.506 [1439488684@qtp-88950472-2] DEBUG c.imooc.o2o.dao.split.DynamicDataSourceInterceptor -设置方法[com.imooc.o2o.dao.ProductDao.queryProductList] use[slave] Strategy,SqlCommandType[SELECT]...
2021-02-07 14:43:17.506 [1439488684@qtp-88950472-2] DEBUG com.imooc.o2o.dao.split.DynamicDataSourceHolder -所使用的数据源为：slave
2021-02-07 14:43:17.507 [1439488684@qtp-88950472-2] DEBUG com.imooc.o2o.dao.ProductDao.queryProductList -==>  Preparing: select product_id,product_name,product_desc,img_addr,normal_price,promotion_price,priority as product_priority,create_time as product_create_time, last_edit_time as product_last_edit_time,enable_status as product_enable_status from tb_product WHERE shop_id = ? and product_category_id = ? and enable_status = ? order by priority desc limit ?,?
2021-02-07 14:43:17.507 [1439488684@qtp-88950472-2] DEBUG com.imooc.o2o.dao.ProductDao.queryProductList -==> Parameters: 83(Long), 78(Long), 1(Integer), 0(Integer), 4(Integer)
2021-02-07 14:43:17.540 [1439488684@qtp-88950472-2] DEBUG com.imooc.o2o.dao.ProductDao.queryProductList -<==      Total: 2
2021-02-07 14:43:17.541 [1439488684@qtp-88950472-2] DEBUG c.imooc.o2o.dao.split.DynamicDataSourceInterceptor -设置方法[com.imooc.o2o.dao.ProductDao.queryProductCount] use[slave] Strategy,SqlCommandType[SELECT]...
2021-02-07 14:43:17.541 [1439488684@qtp-88950472-2] DEBUG com.imooc.o2o.dao.split.DynamicDataSourceHolder -所使用的数据源为：slave
2021-02-07 14:43:17.541 [1439488684@qtp-88950472-2] DEBUG com.imooc.o2o.dao.ProductDao.queryProductCount -==>  Preparing: select count(1) from tb_product WHERE shop_id = ? and product_category_id = ? and enable_status = ?
2021-02-07 14:43:17.542 [1439488684@qtp-88950472-2] DEBUG com.imooc.o2o.dao.ProductDao.queryProductCount -==> Parameters: 83(Long), 78(Long), 1(Integer)
2021-02-07 14:43:17.583 [1439488684@qtp-88950472-2] DEBUG com.imooc.o2o.dao.ProductDao.queryProductCount -<==      Total: 1
2021-02-07 14:43:17.583 [1439488684@qtp-88950472-2] DEBUG c.imooc.o2o.dao.split.DynamicDataSourceInterceptor -设置方法[com.imooc.o2o.dao.ProductDao.queryProductCount] use[slave] Strategy,SqlCommandType[SELECT]...
2021-02-07 14:43:17.583 [1439488684@qtp-88950472-2] DEBUG com.imooc.o2o.dao.split.DynamicDataSourceHolder -所使用的数据源为：slave
2021-02-07 14:43:17.584 [1439488684@qtp-88950472-2] DEBUG com.imooc.o2o.dao.ProductDao.queryProductCount -==>  Preparing: select count(1) from tb_product WHERE shop_id = ? and product_category_id = ? and enable_status = ?
2021-02-07 14:43:17.584 [1439488684@qtp-88950472-2] DEBUG com.imooc.o2o.dao.ProductDao.queryProductCount -==> Parameters: 83(Long), 78(Long), 1(Integer)
2021-02-07 14:43:17.617 [1439488684@qtp-88950472-2] DEBUG com.imooc.o2o.dao.ProductDao.queryProductCount -<==      Total: 1
2021-02-07 14:43:18.445 [1439488684@qtp-88950472-2] DEBUG c.imooc.o2o.dao.split.DynamicDataSourceInterceptor -设置方法[com.imooc.o2o.dao.ProductDao.queryProductList] use[slave] Strategy,SqlCommandType[SELECT]...
2021-02-07 14:43:18.445 [1439488684@qtp-88950472-2] DEBUG com.imooc.o2o.dao.split.DynamicDataSourceHolder -所使用的数据源为：slave
2021-02-07 14:43:18.445 [1439488684@qtp-88950472-2] DEBUG com.imooc.o2o.dao.ProductDao.queryProductList -==>  Preparing: select product_id,product_name,product_desc,img_addr,normal_price,promotion_price,priority as product_priority,create_time as product_create_time, last_edit_time as product_last_edit_time,enable_status as product_enable_status from tb_product WHERE shop_id = ? and product_category_id = ? and enable_status = ? order by priority desc limit ?,?
2021-02-07 14:43:18.446 [1439488684@qtp-88950472-2] DEBUG com.imooc.o2o.dao.ProductDao.queryProductList -==> Parameters: 83(Long), 77(Long), 1(Integer), 0(Integer), 4(Integer)
2021-02-07 14:43:18.481 [1439488684@qtp-88950472-2] DEBUG com.imooc.o2o.dao.ProductDao.queryProductList -<==      Total: 0
2021-02-07 14:43:18.482 [1439488684@qtp-88950472-2] DEBUG c.imooc.o2o.dao.split.DynamicDataSourceInterceptor -设置方法[com.imooc.o2o.dao.ProductDao.queryProductCount] use[slave] Strategy,SqlCommandType[SELECT]...
2021-02-07 14:43:18.482 [1439488684@qtp-88950472-2] DEBUG com.imooc.o2o.dao.split.DynamicDataSourceHolder -所使用的数据源为：slave
2021-02-07 14:43:18.482 [1439488684@qtp-88950472-2] DEBUG com.imooc.o2o.dao.ProductDao.queryProductCount -==>  Preparing: select count(1) from tb_product WHERE shop_id = ? and product_category_id = ? and enable_status = ?
2021-02-07 14:43:18.482 [1439488684@qtp-88950472-2] DEBUG com.imooc.o2o.dao.ProductDao.queryProductCount -==> Parameters: 83(Long), 77(Long), 1(Integer)
2021-02-07 14:43:18.517 [1439488684@qtp-88950472-2] DEBUG com.imooc.o2o.dao.ProductDao.queryProductCount -<==      Total: 1
2021-02-07 14:43:18.517 [1439488684@qtp-88950472-2] DEBUG c.imooc.o2o.dao.split.DynamicDataSourceInterceptor -设置方法[com.imooc.o2o.dao.ProductDao.queryProductCount] use[slave] Strategy,SqlCommandType[SELECT]...
2021-02-07 14:43:18.517 [1439488684@qtp-88950472-2] DEBUG com.imooc.o2o.dao.split.DynamicDataSourceHolder -所使用的数据源为：slave
2021-02-07 14:43:18.517 [1439488684@qtp-88950472-2] DEBUG com.imooc.o2o.dao.ProductDao.queryProductCount -==>  Preparing: select count(1) from tb_product WHERE shop_id = ? and product_category_id = ? and enable_status = ?
2021-02-07 14:43:18.518 [1439488684@qtp-88950472-2] DEBUG com.imooc.o2o.dao.ProductDao.queryProductCount -==> Parameters: 83(Long), 77(Long), 1(Integer)
2021-02-07 14:43:18.563 [1439488684@qtp-88950472-2] DEBUG com.imooc.o2o.dao.ProductDao.queryProductCount -<==      Total: 1
2021-02-07 14:43:18.565 [1439488684@qtp-88950472-2] DEBUG c.imooc.o2o.dao.split.DynamicDataSourceInterceptor -设置方法[com.imooc.o2o.dao.ProductDao.queryProductList] use[slave] Strategy,SqlCommandType[SELECT]...
2021-02-07 14:43:18.565 [1439488684@qtp-88950472-2] DEBUG com.imooc.o2o.dao.split.DynamicDataSourceHolder -所使用的数据源为：slave
2021-02-07 14:43:18.566 [1439488684@qtp-88950472-2] DEBUG com.imooc.o2o.dao.ProductDao.queryProductList -==>  Preparing: select product_id,product_name,product_desc,img_addr,normal_price,promotion_price,priority as product_priority,create_time as product_create_time, last_edit_time as product_last_edit_time,enable_status as product_enable_status from tb_product WHERE shop_id = ? and product_category_id = ? and enable_status = ? order by priority desc limit ?,?
2021-02-07 14:43:18.566 [1439488684@qtp-88950472-2] DEBUG com.imooc.o2o.dao.ProductDao.queryProductList -==> Parameters: 83(Long), 77(Long), 1(Integer), 0(Integer), 4(Integer)
2021-02-07 14:43:18.600 [1439488684@qtp-88950472-2] DEBUG com.imooc.o2o.dao.ProductDao.queryProductList -<==      Total: 0
2021-02-07 14:43:18.601 [1439488684@qtp-88950472-2] DEBUG c.imooc.o2o.dao.split.DynamicDataSourceInterceptor -设置方法[com.imooc.o2o.dao.ProductDao.queryProductCount] use[slave] Strategy,SqlCommandType[SELECT]...
2021-02-07 14:43:18.601 [1439488684@qtp-88950472-2] DEBUG com.imooc.o2o.dao.split.DynamicDataSourceHolder -所使用的数据源为：slave
2021-02-07 14:43:18.602 [1439488684@qtp-88950472-2] DEBUG com.imooc.o2o.dao.ProductDao.queryProductCount -==>  Preparing: select count(1) from tb_product WHERE shop_id = ? and product_category_id = ? and enable_status = ?
2021-02-07 14:43:18.602 [1439488684@qtp-88950472-2] DEBUG com.imooc.o2o.dao.ProductDao.queryProductCount -==> Parameters: 83(Long), 77(Long), 1(Integer)
2021-02-07 14:43:18.662 [1439488684@qtp-88950472-2] DEBUG com.imooc.o2o.dao.ProductDao.queryProductCount -<==      Total: 1
2021-02-07 14:43:18.663 [1439488684@qtp-88950472-2] DEBUG c.imooc.o2o.dao.split.DynamicDataSourceInterceptor -设置方法[com.imooc.o2o.dao.ProductDao.queryProductCount] use[slave] Strategy,SqlCommandType[SELECT]...
2021-02-07 14:43:18.663 [1439488684@qtp-88950472-2] DEBUG com.imooc.o2o.dao.split.DynamicDataSourceHolder -所使用的数据源为：slave
2021-02-07 14:43:18.663 [1439488684@qtp-88950472-2] DEBUG com.imooc.o2o.dao.ProductDao.queryProductCount -==>  Preparing: select count(1) from tb_product WHERE shop_id = ? and product_category_id = ? and enable_status = ?
2021-02-07 14:43:18.664 [1439488684@qtp-88950472-2] DEBUG com.imooc.o2o.dao.ProductDao.queryProductCount -==> Parameters: 83(Long), 77(Long), 1(Integer)
2021-02-07 14:43:18.700 [1439488684@qtp-88950472-2] DEBUG com.imooc.o2o.dao.ProductDao.queryProductCount -<==      Total: 1
2021-02-07 14:44:18.961 [1389162903@qtp-1546957042-0] DEBUG c.imooc.o2o.dao.split.DynamicDataSourceInterceptor -设置方法[com.imooc.o2o.dao.ShopDao.queryByShopId] use[slave] Strategy,SqlCommandType[SELECT]...
2021-02-07 14:44:18.964 [1389162903@qtp-1546957042-0] DEBUG com.imooc.o2o.dao.split.DynamicDataSourceHolder -所使用的数据源为：slave
2021-02-07 14:44:18.984 [1389162903@qtp-1546957042-0] DEBUG com.imooc.o2o.dao.ShopDao.queryByShopId -==>  Preparing: SELECT s.shop_id, s.shop_name, s.shop_desc, s.shop_addr, s.phone, s.shop_img, s.priority, s.enable_status, s.create_time, s.last_edit_time, s.advice, a.area_id, a.area_name, sc.shop_category_id, sc.shop_category_name FROM tb_shop s, tb_shop_category sc, tb_area a WHERE s.area_id = a.area_id AND s.shop_category_id = sc.shop_category_id AND s.shop_id = ?
2021-02-07 14:44:19.398 [1389162903@qtp-1546957042-0] DEBUG com.imooc.o2o.dao.ShopDao.queryByShopId -==> Parameters: 97(Long)
2021-02-07 14:44:19.453 [1389162903@qtp-1546957042-0] DEBUG com.imooc.o2o.dao.ShopDao.queryByShopId -<==      Total: 1
2021-02-07 14:44:19.481 [1389162903@qtp-1546957042-0] DEBUG c.imooc.o2o.dao.split.DynamicDataSourceInterceptor -设置方法[com.imooc.o2o.dao.ProductCategoryDao.queryProductCategoryList] use[slave] Strategy,SqlCommandType[SELECT]...
2021-02-07 14:44:19.481 [1389162903@qtp-1546957042-0] DEBUG com.imooc.o2o.dao.split.DynamicDataSourceHolder -所使用的数据源为：slave
2021-02-07 14:44:19.485 [1389162903@qtp-1546957042-0] DEBUG c.i.o.d.P.queryProductCategoryList -==>  Preparing: select product_category_id, product_category_name, priority, create_time, shop_id from tb_product_category WHERE shop_id = ? order by priority desc limit ?, ?;
2021-02-07 14:44:19.486 [1389162903@qtp-1546957042-0] DEBUG c.i.o.d.P.queryProductCategoryList -==> Parameters: 97(Long), 0(Integer), 1000(Integer)
2021-02-07 14:44:19.522 [1389162903@qtp-1546957042-0] DEBUG c.i.o.d.P.queryProductCategoryList -<==      Total: 0
2021-02-07 14:44:19.523 [1389162903@qtp-1546957042-0] DEBUG c.imooc.o2o.dao.split.DynamicDataSourceInterceptor -设置方法[com.imooc.o2o.dao.ProductCategoryDao.queryProductCategoryCount] use[slave] Strategy,SqlCommandType[SELECT]...
2021-02-07 14:44:19.523 [1389162903@qtp-1546957042-0] DEBUG com.imooc.o2o.dao.split.DynamicDataSourceHolder -所使用的数据源为：slave
2021-02-07 14:44:19.523 [1389162903@qtp-1546957042-0] DEBUG c.i.o.d.P.queryProductCategoryCount -==>  Preparing: select count(1) from tb_product_category WHERE shop_id = ? order by priority desc
2021-02-07 14:44:19.524 [1389162903@qtp-1546957042-0] DEBUG c.i.o.d.P.queryProductCategoryCount -==> Parameters: 97(Long)
2021-02-07 14:44:19.556 [1389162903@qtp-1546957042-0] DEBUG c.i.o.d.P.queryProductCategoryCount -<==      Total: 1
2021-02-07 14:44:31.204 [1790254565@qtp-1546957042-2] DEBUG c.imooc.o2o.dao.split.DynamicDataSourceInterceptor -设置方法[com.imooc.o2o.dao.ShopDao.queryShopList] use[slave] Strategy,SqlCommandType[SELECT]...
2021-02-07 14:44:31.205 [1790254565@qtp-1546957042-2] DEBUG com.imooc.o2o.dao.split.DynamicDataSourceHolder -所使用的数据源为：slave
2021-02-07 14:44:31.205 [1790254565@qtp-1546957042-2] DEBUG com.imooc.o2o.dao.ShopDao.queryShopList -==>  Preparing: select s.shop_id, s.shop_name, s.shop_desc, s.shop_addr, s.phone, s.shop_img, s.priority, s.enable_status, s.create_time, s.last_edit_time, s.advice, a.area_id, a.area_name, sc.shop_category_id, sc.shop_category_name FROM tb_shop s, tb_shop_category sc, tb_area a WHERE s.owner_id = ? and s.shop_category_id = sc.shop_category_id and s.area_id = a.area_id ORDER BY s.priority DESC LIMIT ?, ?;
2021-02-07 14:44:31.206 [1790254565@qtp-1546957042-2] DEBUG com.imooc.o2o.dao.ShopDao.queryShopList -==> Parameters: 1(Long), 0(Integer), 100(Integer)
2021-02-07 14:44:31.253 [1790254565@qtp-1546957042-2] DEBUG com.imooc.o2o.dao.ShopDao.queryShopList -<==      Total: 6
2021-02-07 14:44:31.255 [1790254565@qtp-1546957042-2] DEBUG c.imooc.o2o.dao.split.DynamicDataSourceInterceptor -设置方法[com.imooc.o2o.dao.ShopDao.queryShopCount] use[slave] Strategy,SqlCommandType[SELECT]...
2021-02-07 14:44:31.255 [1790254565@qtp-1546957042-2] DEBUG com.imooc.o2o.dao.split.DynamicDataSourceHolder -所使用的数据源为：slave
2021-02-07 14:44:31.255 [1790254565@qtp-1546957042-2] DEBUG com.imooc.o2o.dao.ShopDao.queryShopCount -==>  Preparing: SELECT COUNT(1) FROM tb_shop s, tb_shop_category sc, tb_area a WHERE s.shop_category_id = sc.shop_category_id and s.area_id = a.area_id and s.owner_id = ? ORDER BY s.priority DESC;
2021-02-07 14:44:31.256 [1790254565@qtp-1546957042-2] DEBUG com.imooc.o2o.dao.ShopDao.queryShopCount -==> Parameters: 1(Long)
2021-02-07 14:44:31.287 [1790254565@qtp-1546957042-2] DEBUG com.imooc.o2o.dao.ShopDao.queryShopCount -<==      Total: 1
2021-02-07 14:44:32.734 [613427667@qtp-1546957042-3] DEBUG c.imooc.o2o.dao.split.DynamicDataSourceInterceptor -设置方法[com.imooc.o2o.dao.ShopCategoryDao.queryShopCategory] use[slave] Strategy,SqlCommandType[SELECT]...
2021-02-07 14:44:32.735 [613427667@qtp-1546957042-3] DEBUG com.imooc.o2o.dao.split.DynamicDataSourceHolder -所使用的数据源为：slave
2021-02-07 14:44:32.735 [613427667@qtp-1546957042-3] DEBUG c.imooc.o2o.dao.ShopCategoryDao.queryShopCategory -==>  Preparing: SELECT shop_category_id,shop_category_name,shop_category_desc,shop_category_img, priority,create_time,last_edit_time,parent_id FROM tb_shop_category WHERE parent_id is not null ORDER BY priority DESC;
2021-02-07 14:44:32.735 [613427667@qtp-1546957042-3] DEBUG c.imooc.o2o.dao.ShopCategoryDao.queryShopCategory -==> Parameters: 
2021-02-07 14:44:32.780 [613427667@qtp-1546957042-3] DEBUG c.imooc.o2o.dao.ShopCategoryDao.queryShopCategory -<==      Total: 12
2021-02-07 14:44:32.781 [613427667@qtp-1546957042-3] DEBUG c.imooc.o2o.dao.split.DynamicDataSourceInterceptor -设置方法[com.imooc.o2o.dao.AreaDao.queryArea] use[slave] Strategy,SqlCommandType[SELECT]...
2021-02-07 14:44:32.781 [613427667@qtp-1546957042-3] DEBUG com.imooc.o2o.dao.split.DynamicDataSourceHolder -所使用的数据源为：slave
2021-02-07 14:44:32.781 [613427667@qtp-1546957042-3] DEBUG com.imooc.o2o.dao.AreaDao.queryArea -==>  Preparing: select area_id,area_name,priority,create_time,last_edit_time from tb_area order by priority desc;
2021-02-07 14:44:32.781 [613427667@qtp-1546957042-3] DEBUG com.imooc.o2o.dao.AreaDao.queryArea -==> Parameters: 
2021-02-07 14:44:32.814 [613427667@qtp-1546957042-3] DEBUG com.imooc.o2o.dao.AreaDao.queryArea -<==      Total: 3
2021-02-07 14:45:27.761 [613427667@qtp-1546957042-3] DEBUG c.imooc.o2o.dao.split.DynamicDataSourceInterceptor -设置方法[com.imooc.o2o.dao.ShopDao.insertShop] use[master] Strategy,SqlCommandType[INSERT]...
2021-02-07 14:45:27.762 [613427667@qtp-1546957042-3] DEBUG com.imooc.o2o.dao.split.DynamicDataSourceHolder -所使用的数据源为：master
2021-02-07 14:45:27.762 [613427667@qtp-1546957042-3] DEBUG com.imooc.o2o.dao.ShopDao.insertShop -==>  Preparing: INSERT INTO tb_shop(owner_id, shop_category_id, area_id, shop_name, shop_addr, shop_desc, phone, shop_img, priority, enable_status, create_time, last_edit_time, advice) values (?, ?, ?, ?, ?, ?, ?, ?, ?, ?, ?, ?, ?)
2021-02-07 14:45:27.808 [613427667@qtp-1546957042-3] DEBUG com.imooc.o2o.dao.ShopDao.insertShop -==> Parameters: 1(Long), 29(Long), 2(Integer), 测试店铺(String), test简介(String), 测试地址(String), 0000000(String), null, 1(Integer), 0(Integer), 2021-02-07 14:45:27.76(Timestamp), 2021-02-07 14:45:27.76(Timestamp), 审核中(String)
2021-02-07 14:45:27.879 [613427667@qtp-1546957042-3] DEBUG com.imooc.o2o.dao.ShopDao.insertShop -<==    Updates: 1
2021-02-07 14:45:27.941 [613427667@qtp-1546957042-3] DEBUG c.imooc.o2o.dao.split.DynamicDataSourceInterceptor -设置方法[com.imooc.o2o.dao.ShopDao.updateShop] use[master] Strategy,SqlCommandType[UPDATE]...
2021-02-07 14:45:27.941 [613427667@qtp-1546957042-3] DEBUG com.imooc.o2o.dao.split.DynamicDataSourceHolder -所使用的数据源为：master
2021-02-07 14:45:27.942 [613427667@qtp-1546957042-3] DEBUG com.imooc.o2o.dao.ShopDao.updateShop -==>  Preparing: UPDATE tb_shop SET shop_name=?, shop_desc=?, shop_addr=?, phone=?, shop_img=?, priority=?, enable_status=?, last_edit_time=?, advice=?, shop_category_id=?, area_id=? WHERE shop_id=?
2021-02-07 14:45:27.943 [613427667@qtp-1546957042-3] DEBUG com.imooc.o2o.dao.ShopDao.updateShop -==> Parameters: 测试店铺(String), test简介(String), 测试地址(String), 0000000(String), /upload/item/shop/99/2021020714452787665.jpg(String), 1(Integer), 0(Integer), 2021-02-07 14:45:27.76(Timestamp), 审核中(String), 29(Long), 2(Integer), 99(Long)
2021-02-07 14:45:28.014 [613427667@qtp-1546957042-3] DEBUG com.imooc.o2o.dao.ShopDao.updateShop -<==    Updates: 1
2021-02-07 14:45:34.177 [613427667@qtp-1546957042-3] DEBUG c.imooc.o2o.dao.split.DynamicDataSourceInterceptor -设置方法[com.imooc.o2o.dao.ShopDao.queryShopList] use[slave] Strategy,SqlCommandType[SELECT]...
2021-02-07 14:45:34.177 [613427667@qtp-1546957042-3] DEBUG com.imooc.o2o.dao.split.DynamicDataSourceHolder -所使用的数据源为：slave
2021-02-07 14:45:34.178 [613427667@qtp-1546957042-3] DEBUG com.imooc.o2o.dao.ShopDao.queryShopList -==>  Preparing: select s.shop_id, s.shop_name, s.shop_desc, s.shop_addr, s.phone, s.shop_img, s.priority, s.enable_status, s.create_time, s.last_edit_time, s.advice, a.area_id, a.area_name, sc.shop_category_id, sc.shop_category_name FROM tb_shop s, tb_shop_category sc, tb_area a WHERE s.owner_id = ? and s.shop_category_id = sc.shop_category_id and s.area_id = a.area_id ORDER BY s.priority DESC LIMIT ?, ?;
2021-02-07 14:45:34.178 [613427667@qtp-1546957042-3] DEBUG com.imooc.o2o.dao.ShopDao.queryShopList -==> Parameters: 1(Long), 0(Integer), 100(Integer)
2021-02-07 14:45:34.234 [613427667@qtp-1546957042-3] DEBUG com.imooc.o2o.dao.ShopDao.queryShopList -<==      Total: 7
2021-02-07 14:45:34.235 [613427667@qtp-1546957042-3] DEBUG c.imooc.o2o.dao.split.DynamicDataSourceInterceptor -设置方法[com.imooc.o2o.dao.ShopDao.queryShopCount] use[slave] Strategy,SqlCommandType[SELECT]...
2021-02-07 14:45:34.235 [613427667@qtp-1546957042-3] DEBUG com.imooc.o2o.dao.split.DynamicDataSourceHolder -所使用的数据源为：slave
2021-02-07 14:45:34.236 [613427667@qtp-1546957042-3] DEBUG com.imooc.o2o.dao.ShopDao.queryShopCount -==>  Preparing: SELECT COUNT(1) FROM tb_shop s, tb_shop_category sc, tb_area a WHERE s.shop_category_id = sc.shop_category_id and s.area_id = a.area_id and s.owner_id = ? ORDER BY s.priority DESC;
2021-02-07 14:45:34.236 [613427667@qtp-1546957042-3] DEBUG com.imooc.o2o.dao.ShopDao.queryShopCount -==> Parameters: 1(Long)
2021-02-07 14:45:34.268 [613427667@qtp-1546957042-3] DEBUG com.imooc.o2o.dao.ShopDao.queryShopCount -<==      Total: 1
2021-02-07 14:45:48.655 [613427667@qtp-1546957042-3] DEBUG c.imooc.o2o.dao.split.DynamicDataSourceInterceptor -设置方法[com.imooc.o2o.dao.ShopDao.queryByShopId] use[slave] Strategy,SqlCommandType[SELECT]...
2021-02-07 14:45:48.656 [613427667@qtp-1546957042-3] DEBUG com.imooc.o2o.dao.split.DynamicDataSourceHolder -所使用的数据源为：slave
2021-02-07 14:45:48.656 [613427667@qtp-1546957042-3] DEBUG com.imooc.o2o.dao.ShopDao.queryByShopId -==>  Preparing: SELECT s.shop_id, s.shop_name, s.shop_desc, s.shop_addr, s.phone, s.shop_img, s.priority, s.enable_status, s.create_time, s.last_edit_time, s.advice, a.area_id, a.area_name, sc.shop_category_id, sc.shop_category_name FROM tb_shop s, tb_shop_category sc, tb_area a WHERE s.area_id = a.area_id AND s.shop_category_id = sc.shop_category_id AND s.shop_id = ?
2021-02-07 14:45:48.656 [613427667@qtp-1546957042-3] DEBUG com.imooc.o2o.dao.ShopDao.queryByShopId -==> Parameters: 83(Long)
2021-02-07 14:45:48.697 [613427667@qtp-1546957042-3] DEBUG com.imooc.o2o.dao.ShopDao.queryByShopId -<==      Total: 1
2021-02-07 14:45:48.697 [613427667@qtp-1546957042-3] DEBUG c.imooc.o2o.dao.split.DynamicDataSourceInterceptor -设置方法[com.imooc.o2o.dao.AreaDao.queryArea] use[slave] Strategy,SqlCommandType[SELECT]...
2021-02-07 14:45:48.697 [613427667@qtp-1546957042-3] DEBUG com.imooc.o2o.dao.split.DynamicDataSourceHolder -所使用的数据源为：slave
2021-02-07 14:45:48.698 [613427667@qtp-1546957042-3] DEBUG com.imooc.o2o.dao.AreaDao.queryArea -==>  Preparing: select area_id,area_name,priority,create_time,last_edit_time from tb_area order by priority desc;
2021-02-07 14:45:48.698 [613427667@qtp-1546957042-3] DEBUG com.imooc.o2o.dao.AreaDao.queryArea -==> Parameters: 
2021-02-07 14:45:48.730 [613427667@qtp-1546957042-3] DEBUG com.imooc.o2o.dao.AreaDao.queryArea -<==      Total: 3
2021-02-07 14:45:50.608 [613427667@qtp-1546957042-3] DEBUG c.imooc.o2o.dao.split.DynamicDataSourceInterceptor -设置方法[com.imooc.o2o.dao.ProductCategoryDao.queryProductCategoryList] use[slave] Strategy,SqlCommandType[SELECT]...
2021-02-07 14:45:50.608 [613427667@qtp-1546957042-3] DEBUG com.imooc.o2o.dao.split.DynamicDataSourceHolder -所使用的数据源为：slave
2021-02-07 14:45:50.608 [613427667@qtp-1546957042-3] DEBUG c.i.o.d.P.queryProductCategoryList -==>  Preparing: select product_category_id, product_category_name, priority, create_time, shop_id from tb_product_category WHERE shop_id = ? order by priority desc limit ?, ?;
2021-02-07 14:45:50.609 [613427667@qtp-1546957042-3] DEBUG c.i.o.d.P.queryProductCategoryList -==> Parameters: 83(Long), 0(Integer), 100(Integer)
2021-02-07 14:45:50.647 [613427667@qtp-1546957042-3] DEBUG c.i.o.d.P.queryProductCategoryList -<==      Total: 6
2021-02-07 14:45:50.647 [613427667@qtp-1546957042-3] DEBUG c.imooc.o2o.dao.split.DynamicDataSourceInterceptor -设置方法[com.imooc.o2o.dao.ProductCategoryDao.queryProductCategoryCount] use[slave] Strategy,SqlCommandType[SELECT]...
2021-02-07 14:45:50.647 [613427667@qtp-1546957042-3] DEBUG com.imooc.o2o.dao.split.DynamicDataSourceHolder -所使用的数据源为：slave
2021-02-07 14:45:50.647 [613427667@qtp-1546957042-3] DEBUG c.i.o.d.P.queryProductCategoryCount -==>  Preparing: select count(1) from tb_product_category WHERE shop_id = ? order by priority desc
2021-02-07 14:45:50.648 [613427667@qtp-1546957042-3] DEBUG c.i.o.d.P.queryProductCategoryCount -==> Parameters: 83(Long)
2021-02-07 14:45:50.679 [613427667@qtp-1546957042-3] DEBUG c.i.o.d.P.queryProductCategoryCount -<==      Total: 1
2021-02-07 14:45:53.727 [613427667@qtp-1546957042-3] DEBUG c.imooc.o2o.dao.split.DynamicDataSourceInterceptor -设置方法[com.imooc.o2o.dao.ProductDao.queryProductList] use[slave] Strategy,SqlCommandType[SELECT]...
2021-02-07 14:45:53.728 [613427667@qtp-1546957042-3] DEBUG com.imooc.o2o.dao.split.DynamicDataSourceHolder -所使用的数据源为：slave
2021-02-07 14:45:53.728 [613427667@qtp-1546957042-3] DEBUG com.imooc.o2o.dao.ProductDao.queryProductList -==>  Preparing: select product_id,product_name,product_desc,img_addr,normal_price,promotion_price,priority as product_priority,create_time as product_create_time, last_edit_time as product_last_edit_time,enable_status as product_enable_status from tb_product WHERE shop_id = ? order by priority desc limit ?,?
2021-02-07 14:45:53.729 [613427667@qtp-1546957042-3] DEBUG com.imooc.o2o.dao.ProductDao.queryProductList -==> Parameters: 83(Long), 0(Integer), 999(Integer)
2021-02-07 14:45:53.773 [613427667@qtp-1546957042-3] DEBUG com.imooc.o2o.dao.ProductDao.queryProductList -<==      Total: 7
2021-02-07 14:45:53.775 [613427667@qtp-1546957042-3] DEBUG c.imooc.o2o.dao.split.DynamicDataSourceInterceptor -设置方法[com.imooc.o2o.dao.ProductDao.queryProductCount] use[slave] Strategy,SqlCommandType[SELECT]...
2021-02-07 14:45:53.775 [613427667@qtp-1546957042-3] DEBUG com.imooc.o2o.dao.split.DynamicDataSourceHolder -所使用的数据源为：slave
2021-02-07 14:45:53.776 [613427667@qtp-1546957042-3] DEBUG com.imooc.o2o.dao.ProductDao.queryProductCount -==>  Preparing: select count(1) from tb_product WHERE shop_id = ?
2021-02-07 14:45:53.776 [613427667@qtp-1546957042-3] DEBUG com.imooc.o2o.dao.ProductDao.queryProductCount -==> Parameters: 83(Long)
2021-02-07 14:45:53.808 [613427667@qtp-1546957042-3] DEBUG com.imooc.o2o.dao.ProductDao.queryProductCount -<==      Total: 1
2021-02-07 15:28:26.736 [1706139228@qtp-719635492-0] DEBUG c.imooc.o2o.dao.split.DynamicDataSourceInterceptor -设置方法[com.imooc.o2o.dao.ShopDao.queryByShopId] use[slave] Strategy,SqlCommandType[SELECT]...
2021-02-07 15:28:26.739 [1706139228@qtp-719635492-0] DEBUG com.imooc.o2o.dao.split.DynamicDataSourceHolder -所使用的数据源为：slave
2021-02-07 15:28:26.759 [1706139228@qtp-719635492-0] DEBUG com.imooc.o2o.dao.ShopDao.queryByShopId -==>  Preparing: SELECT s.shop_id, s.shop_name, s.shop_desc, s.shop_addr, s.phone, s.shop_img, s.priority, s.enable_status, s.create_time, s.last_edit_time, s.advice, a.area_id, a.area_name, sc.shop_category_id, sc.shop_category_name FROM tb_shop s, tb_shop_category sc, tb_area a WHERE s.area_id = a.area_id AND s.shop_category_id = sc.shop_category_id AND s.shop_id = ?
2021-02-07 15:28:27.169 [1706139228@qtp-719635492-0] DEBUG com.imooc.o2o.dao.ShopDao.queryByShopId -==> Parameters: 97(Long)
2021-02-07 15:28:27.221 [1706139228@qtp-719635492-0] DEBUG com.imooc.o2o.dao.ShopDao.queryByShopId -<==      Total: 1
2021-02-07 15:28:27.250 [1706139228@qtp-719635492-0] DEBUG c.imooc.o2o.dao.split.DynamicDataSourceInterceptor -设置方法[com.imooc.o2o.dao.ProductCategoryDao.queryProductCategoryList] use[slave] Strategy,SqlCommandType[SELECT]...
2021-02-07 15:28:27.250 [1706139228@qtp-719635492-0] DEBUG com.imooc.o2o.dao.split.DynamicDataSourceHolder -所使用的数据源为：slave
2021-02-07 15:28:27.253 [1706139228@qtp-719635492-0] DEBUG c.i.o.d.P.queryProductCategoryList -==>  Preparing: select product_category_id, product_category_name, priority, create_time, shop_id from tb_product_category WHERE shop_id = ? order by priority desc limit ?, ?;
2021-02-07 15:28:27.254 [1706139228@qtp-719635492-0] DEBUG c.i.o.d.P.queryProductCategoryList -==> Parameters: 97(Long), 0(Integer), 1000(Integer)
2021-02-07 15:28:27.304 [1706139228@qtp-719635492-0] DEBUG c.i.o.d.P.queryProductCategoryList -<==      Total: 0
2021-02-07 15:28:27.306 [1706139228@qtp-719635492-0] DEBUG c.imooc.o2o.dao.split.DynamicDataSourceInterceptor -设置方法[com.imooc.o2o.dao.ProductCategoryDao.queryProductCategoryCount] use[slave] Strategy,SqlCommandType[SELECT]...
2021-02-07 15:28:27.307 [1706139228@qtp-719635492-0] DEBUG com.imooc.o2o.dao.split.DynamicDataSourceHolder -所使用的数据源为：slave
2021-02-07 15:28:27.307 [1706139228@qtp-719635492-0] DEBUG c.i.o.d.P.queryProductCategoryCount -==>  Preparing: select count(1) from tb_product_category WHERE shop_id = ? order by priority desc
2021-02-07 15:28:27.308 [1706139228@qtp-719635492-0] DEBUG c.i.o.d.P.queryProductCategoryCount -==> Parameters: 97(Long)
2021-02-07 15:28:27.345 [1706139228@qtp-719635492-0] DEBUG c.i.o.d.P.queryProductCategoryCount -<==      Total: 1
2021-02-07 15:28:28.815 [1490340757@qtp-719635492-2] DEBUG c.imooc.o2o.dao.split.DynamicDataSourceInterceptor -设置方法[com.imooc.o2o.dao.ShopDao.queryByShopId] use[slave] Strategy,SqlCommandType[SELECT]...
2021-02-07 15:28:28.815 [1490340757@qtp-719635492-2] DEBUG com.imooc.o2o.dao.split.DynamicDataSourceHolder -所使用的数据源为：slave
2021-02-07 15:28:28.815 [1490340757@qtp-719635492-2] DEBUG com.imooc.o2o.dao.ShopDao.queryByShopId -==>  Preparing: SELECT s.shop_id, s.shop_name, s.shop_desc, s.shop_addr, s.phone, s.shop_img, s.priority, s.enable_status, s.create_time, s.last_edit_time, s.advice, a.area_id, a.area_name, sc.shop_category_id, sc.shop_category_name FROM tb_shop s, tb_shop_category sc, tb_area a WHERE s.area_id = a.area_id AND s.shop_category_id = sc.shop_category_id AND s.shop_id = ?
2021-02-07 15:28:28.816 [1490340757@qtp-719635492-2] DEBUG com.imooc.o2o.dao.ShopDao.queryByShopId -==> Parameters: 97(Long)
2021-02-07 15:28:28.850 [1490340757@qtp-719635492-2] DEBUG com.imooc.o2o.dao.ShopDao.queryByShopId -<==      Total: 1
2021-02-07 15:28:28.852 [1490340757@qtp-719635492-2] DEBUG c.imooc.o2o.dao.split.DynamicDataSourceInterceptor -设置方法[com.imooc.o2o.dao.ProductCategoryDao.queryProductCategoryList] use[slave] Strategy,SqlCommandType[SELECT]...
2021-02-07 15:28:28.852 [1490340757@qtp-719635492-2] DEBUG com.imooc.o2o.dao.split.DynamicDataSourceHolder -所使用的数据源为：slave
2021-02-07 15:28:28.852 [1490340757@qtp-719635492-2] DEBUG c.i.o.d.P.queryProductCategoryList -==>  Preparing: select product_category_id, product_category_name, priority, create_time, shop_id from tb_product_category WHERE shop_id = ? order by priority desc limit ?, ?;
2021-02-07 15:28:28.852 [1490340757@qtp-719635492-2] DEBUG c.i.o.d.P.queryProductCategoryList -==> Parameters: 97(Long), 0(Integer), 1000(Integer)
2021-02-07 15:28:28.885 [1490340757@qtp-719635492-2] DEBUG c.i.o.d.P.queryProductCategoryList -<==      Total: 0
2021-02-07 15:28:28.886 [1490340757@qtp-719635492-2] DEBUG c.imooc.o2o.dao.split.DynamicDataSourceInterceptor -设置方法[com.imooc.o2o.dao.ProductCategoryDao.queryProductCategoryCount] use[slave] Strategy,SqlCommandType[SELECT]...
2021-02-07 15:28:28.886 [1490340757@qtp-719635492-2] DEBUG com.imooc.o2o.dao.split.DynamicDataSourceHolder -所使用的数据源为：slave
2021-02-07 15:28:28.887 [1490340757@qtp-719635492-2] DEBUG c.i.o.d.P.queryProductCategoryCount -==>  Preparing: select count(1) from tb_product_category WHERE shop_id = ? order by priority desc
2021-02-07 15:28:28.887 [1490340757@qtp-719635492-2] DEBUG c.i.o.d.P.queryProductCategoryCount -==> Parameters: 97(Long)
2021-02-07 15:28:28.919 [1490340757@qtp-719635492-2] DEBUG c.i.o.d.P.queryProductCategoryCount -<==      Total: 1
